::1 - - [07/Oct/2019:18:33:17 +0000] "POST /validate HTTP/1.1" 500 44 "-" "Mozilla/5.0 (X11; Linux x86_64) AppleWebKit/537.36 (KHTML, like Gecko) Ubuntu Chromium/67.0.3396.99 Chrome/67.0.3396.99 Safari/537.36"
::1 - - [07/Oct/2019:18:33:34 +0000] "POST /validate HTTP/1.1" 302 31 "-" "Mozilla/5.0 (X11; Linux x86_64) AppleWebKit/537.36 (KHTML, like Gecko) Ubuntu Chromium/67.0.3396.99 Chrome/67.0.3396.99 Safari/537.36"
::1 - - [07/Oct/2019:18:33:34 +0000] "GET /validate HTTP/1.1" 200 82 "-" "Mozilla/5.0 (X11; Linux x86_64) AppleWebKit/537.36 (KHTML, like Gecko) Ubuntu Chromium/67.0.3396.99 Chrome/67.0.3396.99 Safari/537.36"
::1 - - [07/Oct/2019:18:33:43 +0000] "POST /validate HTTP/1.1" 400 64 "-" "Mozilla/5.0 (X11; Linux x86_64) AppleWebKit/537.36 (KHTML, like Gecko) Ubuntu Chromium/67.0.3396.99 Chrome/67.0.3396.99 Safari/537.36"
::1 - - [07/Oct/2019:18:34:01 +0000] "POST /validate HTTP/1.1" 302 31 "-" "Mozilla/5.0 (X11; Linux x86_64) AppleWebKit/537.36 (KHTML, like Gecko) Ubuntu Chromium/67.0.3396.99 Chrome/67.0.3396.99 Safari/537.36"
::1 - - [07/Oct/2019:18:34:01 +0000] "GET /validate HTTP/1.1" 200 82 "-" "Mozilla/5.0 (X11; Linux x86_64) AppleWebKit/537.36 (KHTML, like Gecko) Ubuntu Chromium/67.0.3396.99 Chrome/67.0.3396.99 Safari/537.36"
::1 - - [07/Oct/2019:18:34:23 +0000] "POST /validate HTTP/1.1" 302 31 "-" "Mozilla/5.0 (X11; Linux x86_64) AppleWebKit/537.36 (KHTML, like Gecko) Ubuntu Chromium/67.0.3396.99 Chrome/67.0.3396.99 Safari/537.36"
::1 - - [07/Oct/2019:18:34:23 +0000] "GET /validate HTTP/1.1" 200 82 "-" "Mozilla/5.0 (X11; Linux x86_64) AppleWebKit/537.36 (KHTML, like Gecko) Ubuntu Chromium/67.0.3396.99 Chrome/67.0.3396.99 Safari/537.36"
::1 - - [07/Oct/2019:18:34:38 +0000] "POST /validate HTTP/1.1" 500 44 "-" "Mozilla/5.0 (X11; Linux x86_64) AppleWebKit/537.36 (KHTML, like Gecko) Ubuntu Chromium/67.0.3396.99 Chrome/67.0.3396.99 Safari/537.36"
::1 - - [07/Oct/2019:18:35:18 +0000] "POST /validate HTTP/1.1" 200 43 "-" "Mozilla/5.0 (X11; Linux x86_64) AppleWebKit/537.36 (KHTML, like Gecko) Ubuntu Chromium/67.0.3396.99 Chrome/67.0.3396.99 Safari/537.36"
::1 - - [07/Oct/2019:19:53:21 +0000] "POST /validate HTTP/1.1" 302 31 "-" "Mozilla/5.0 (X11; Linux x86_64) AppleWebKit/537.36 (KHTML, like Gecko) Ubuntu Chromium/67.0.3396.99 Chrome/67.0.3396.99 Safari/537.36"
::1 - - [07/Oct/2019:19:53:21 +0000] "GET /validate HTTP/1.1" 200 82 "-" "Mozilla/5.0 (X11; Linux x86_64) AppleWebKit/537.36 (KHTML, like Gecko) Ubuntu Chromium/67.0.3396.99 Chrome/67.0.3396.99 Safari/537.36"
::1 - - [07/Oct/2019:19:53:43 +0000] "POST /validate HTTP/1.1" 302 31 "-" "Mozilla/5.0 (X11; Linux x86_64) AppleWebKit/537.36 (KHTML, like Gecko) Ubuntu Chromium/67.0.3396.99 Chrome/67.0.3396.99 Safari/537.36"
::1 - - [07/Oct/2019:19:53:43 +0000] "GET /validate HTTP/1.1" 200 82 "-" "Mozilla/5.0 (X11; Linux x86_64) AppleWebKit/537.36 (KHTML, like Gecko) Ubuntu Chromium/67.0.3396.99 Chrome/67.0.3396.99 Safari/537.36"
::1 - - [07/Oct/2019:19:59:44 +0000] "POST /validate HTTP/1.1" 302 31 "-" "Mozilla/5.0 (X11; Linux x86_64) AppleWebKit/537.36 (KHTML, like Gecko) Ubuntu Chromium/67.0.3396.99 Chrome/67.0.3396.99 Safari/537.36"
::1 - - [07/Oct/2019:19:59:44 +0000] "GET /validate HTTP/1.1" 200 82 "-" "Mozilla/5.0 (X11; Linux x86_64) AppleWebKit/537.36 (KHTML, like Gecko) Ubuntu Chromium/67.0.3396.99 Chrome/67.0.3396.99 Safari/537.36"
::1 - - [07/Oct/2019:20:00:33 +0000] "POST /validate HTTP/1.1" 302 31 "-" "Mozilla/5.0 (X11; Linux x86_64) AppleWebKit/537.36 (KHTML, like Gecko) Ubuntu Chromium/67.0.3396.99 Chrome/67.0.3396.99 Safari/537.36"
::1 - - [07/Oct/2019:20:00:33 +0000] "GET /validate HTTP/1.1" 200 82 "-" "Mozilla/5.0 (X11; Linux x86_64) AppleWebKit/537.36 (KHTML, like Gecko) Ubuntu Chromium/67.0.3396.99 Chrome/67.0.3396.99 Safari/537.36"
::1 - - [07/Oct/2019:20:00:50 +0000] "POST /validate HTTP/1.1" 200 43 "-" "Mozilla/5.0 (X11; Linux x86_64) AppleWebKit/537.36 (KHTML, like Gecko) Ubuntu Chromium/67.0.3396.99 Chrome/67.0.3396.99 Safari/537.36"
::1 - - [07/Oct/2019:20:01:03 +0000] "POST /validate HTTP/1.1" 422 53 "-" "Mozilla/5.0 (X11; Linux x86_64) AppleWebKit/537.36 (KHTML, like Gecko) Ubuntu Chromium/67.0.3396.99 Chrome/67.0.3396.99 Safari/537.36"
::1 - - [07/Oct/2019:20:01:55 +0000] "POST /validate HTTP/1.1" 422 53 "-" "Mozilla/5.0 (X11; Linux x86_64) AppleWebKit/537.36 (KHTML, like Gecko) Ubuntu Chromium/67.0.3396.99 Chrome/67.0.3396.99 Safari/537.36"
::1 - - [07/Oct/2019:20:02:05 +0000] "POST /validate HTTP/1.1" 422 53 "-" "Mozilla/5.0 (X11; Linux x86_64) AppleWebKit/537.36 (KHTML, like Gecko) Ubuntu Chromium/67.0.3396.99 Chrome/67.0.3396.99 Safari/537.36"
::1 - - [07/Oct/2019:20:02:14 +0000] "POST /validate HTTP/1.1" 200 43 "-" "Mozilla/5.0 (X11; Linux x86_64) AppleWebKit/537.36 (KHTML, like Gecko) Ubuntu Chromium/67.0.3396.99 Chrome/67.0.3396.99 Safari/537.36"
::1 - - [07/Oct/2019:20:09:44 +0000] "POST /validate HTTP/1.1" 302 31 "-" "Mozilla/5.0 (X11; Linux x86_64) AppleWebKit/537.36 (KHTML, like Gecko) Ubuntu Chromium/67.0.3396.99 Chrome/67.0.3396.99 Safari/537.36"
::1 - - [07/Oct/2019:20:09:44 +0000] "GET /validate HTTP/1.1" 200 47 "-" "Mozilla/5.0 (X11; Linux x86_64) AppleWebKit/537.36 (KHTML, like Gecko) Ubuntu Chromium/67.0.3396.99 Chrome/67.0.3396.99 Safari/537.36"
::1 - - [07/Oct/2019:20:10:08 +0000] "POST /validate HTTP/1.1" 302 31 "-" "Mozilla/5.0 (X11; Linux x86_64) AppleWebKit/537.36 (KHTML, like Gecko) Ubuntu Chromium/67.0.3396.99 Chrome/67.0.3396.99 Safari/537.36"
::1 - - [07/Oct/2019:20:10:08 +0000] "GET /validate HTTP/1.1" 200 147 "-" "Mozilla/5.0 (X11; Linux x86_64) AppleWebKit/537.36 (KHTML, like Gecko) Ubuntu Chromium/67.0.3396.99 Chrome/67.0.3396.99 Safari/537.36"
::1 - - [07/Oct/2019:20:10:19 +0000] "POST /validate HTTP/1.1" 302 31 "-" "Mozilla/5.0 (X11; Linux x86_64) AppleWebKit/537.36 (KHTML, like Gecko) Ubuntu Chromium/67.0.3396.99 Chrome/67.0.3396.99 Safari/537.36"
::1 - - [07/Oct/2019:20:10:19 +0000] "GET /validate HTTP/1.1" 200 97 "-" "Mozilla/5.0 (X11; Linux x86_64) AppleWebKit/537.36 (KHTML, like Gecko) Ubuntu Chromium/67.0.3396.99 Chrome/67.0.3396.99 Safari/537.36"
::1 - - [07/Oct/2019:20:10:33 +0000] "POST /validate HTTP/1.1" 302 31 "-" "Mozilla/5.0 (X11; Linux x86_64) AppleWebKit/537.36 (KHTML, like Gecko) Ubuntu Chromium/67.0.3396.99 Chrome/67.0.3396.99 Safari/537.36"
::1 - - [07/Oct/2019:20:10:33 +0000] "GET /validate HTTP/1.1" 200 47 "-" "Mozilla/5.0 (X11; Linux x86_64) AppleWebKit/537.36 (KHTML, like Gecko) Ubuntu Chromium/67.0.3396.99 Chrome/67.0.3396.99 Safari/537.36"
::1 - - [07/Oct/2019:20:11:29 +0000] "POST /validate HTTP/1.1" 302 31 "-" "Mozilla/5.0 (X11; Linux x86_64) AppleWebKit/537.36 (KHTML, like Gecko) Ubuntu Chromium/67.0.3396.99 Chrome/67.0.3396.99 Safari/537.36"
::1 - - [07/Oct/2019:20:11:29 +0000] "GET /validate HTTP/1.1" 200 47 "-" "Mozilla/5.0 (X11; Linux x86_64) AppleWebKit/537.36 (KHTML, like Gecko) Ubuntu Chromium/67.0.3396.99 Chrome/67.0.3396.99 Safari/537.36"
::1 - - [07/Oct/2019:20:12:52 +0000] "POST /validate HTTP/1.1" 302 31 "-" "Mozilla/5.0 (X11; Linux x86_64) AppleWebKit/537.36 (KHTML, like Gecko) Ubuntu Chromium/67.0.3396.99 Chrome/67.0.3396.99 Safari/537.36"
::1 - - [07/Oct/2019:20:12:52 +0000] "GET /validate HTTP/1.1" 200 47 "-" "Mozilla/5.0 (X11; Linux x86_64) AppleWebKit/537.36 (KHTML, like Gecko) Ubuntu Chromium/67.0.3396.99 Chrome/67.0.3396.99 Safari/537.36"
::1 - - [07/Oct/2019:20:14:32 +0000] "POST /validate HTTP/1.1" 302 31 "-" "Mozilla/5.0 (X11; Linux x86_64) AppleWebKit/537.36 (KHTML, like Gecko) Ubuntu Chromium/67.0.3396.99 Chrome/67.0.3396.99 Safari/537.36"
::1 - - [07/Oct/2019:20:14:32 +0000] "GET /validate HTTP/1.1" 200 36 "-" "Mozilla/5.0 (X11; Linux x86_64) AppleWebKit/537.36 (KHTML, like Gecko) Ubuntu Chromium/67.0.3396.99 Chrome/67.0.3396.99 Safari/537.36"
::1 - - [07/Oct/2019:20:16:00 +0000] "POST /validate HTTP/1.1" 302 31 "-" "Mozilla/5.0 (X11; Linux x86_64) AppleWebKit/537.36 (KHTML, like Gecko) Ubuntu Chromium/67.0.3396.99 Chrome/67.0.3396.99 Safari/537.36"
::1 - - [07/Oct/2019:20:16:00 +0000] "GET /validate HTTP/1.1" 200 36 "-" "Mozilla/5.0 (X11; Linux x86_64) AppleWebKit/537.36 (KHTML, like Gecko) Ubuntu Chromium/67.0.3396.99 Chrome/67.0.3396.99 Safari/537.36"
::1 - - [07/Oct/2019:20:16:45 +0000] "POST /validate HTTP/1.1" 302 31 "-" "Mozilla/5.0 (X11; Linux x86_64) AppleWebKit/537.36 (KHTML, like Gecko) Ubuntu Chromium/67.0.3396.99 Chrome/67.0.3396.99 Safari/537.36"
::1 - - [07/Oct/2019:20:16:45 +0000] "GET /validate HTTP/1.1" 200 36 "-" "Mozilla/5.0 (X11; Linux x86_64) AppleWebKit/537.36 (KHTML, like Gecko) Ubuntu Chromium/67.0.3396.99 Chrome/67.0.3396.99 Safari/537.36"
::1 - - [07/Oct/2019:20:24:28 +0000] "POST /validate HTTP/1.1" 500 44 "-" "Mozilla/5.0 (X11; Linux x86_64) AppleWebKit/537.36 (KHTML, like Gecko) Ubuntu Chromium/67.0.3396.99 Chrome/67.0.3396.99 Safari/537.36"
::1 - - [07/Oct/2019:20:24:37 +0000] "POST /validate HTTP/1.1" 200 43 "-" "Mozilla/5.0 (X11; Linux x86_64) AppleWebKit/537.36 (KHTML, like Gecko) Ubuntu Chromium/67.0.3396.99 Chrome/67.0.3396.99 Safari/537.36"
::1 - - [08/Oct/2019:06:26:04 +0000] "POST /validate HTTP/1.1" 302 31 "-" "Mozilla/5.0 (X11; Linux x86_64) AppleWebKit/537.36 (KHTML, like Gecko) Ubuntu Chromium/67.0.3396.99 Chrome/67.0.3396.99 Safari/537.36"
::1 - - [08/Oct/2019:06:26:04 +0000] "GET /validate HTTP/1.1" 200 176 "-" "Mozilla/5.0 (X11; Linux x86_64) AppleWebKit/537.36 (KHTML, like Gecko) Ubuntu Chromium/67.0.3396.99 Chrome/67.0.3396.99 Safari/537.36"
::1 - - [08/Oct/2019:06:27:30 +0000] "POST /validate HTTP/1.1" 200 43 "-" "Mozilla/5.0 (X11; Linux x86_64) AppleWebKit/537.36 (KHTML, like Gecko) Ubuntu Chromium/67.0.3396.99 Chrome/67.0.3396.99 Safari/537.36"
::1 - - [08/Oct/2019:06:29:02 +0000] "POST /validate HTTP/1.1" 422 53 "-" "Mozilla/5.0 (X11; Linux x86_64) AppleWebKit/537.36 (KHTML, like Gecko) Ubuntu Chromium/67.0.3396.99 Chrome/67.0.3396.99 Safari/537.36"
::1 - - [08/Oct/2019:06:29:12 +0000] "POST /validate HTTP/1.1" 200 43 "-" "Mozilla/5.0 (X11; Linux x86_64) AppleWebKit/537.36 (KHTML, like Gecko) Ubuntu Chromium/67.0.3396.99 Chrome/67.0.3396.99 Safari/537.36"
::1 - - [08/Oct/2019:06:48:24 +0000] "POST /validate HTTP/1.1" 200 43 "-" "Mozilla/5.0 (X11; Linux x86_64) AppleWebKit/537.36 (KHTML, like Gecko) Ubuntu Chromium/67.0.3396.99 Chrome/67.0.3396.99 Safari/537.36"
::1 - - [08/Oct/2019:06:50:14 +0000] "POST /validate HTTP/1.1" 422 53 "-" "Mozilla/5.0 (X11; Linux x86_64) AppleWebKit/537.36 (KHTML, like Gecko) Ubuntu Chromium/67.0.3396.99 Chrome/67.0.3396.99 Safari/537.36"
::1 - - [08/Oct/2019:06:50:37 +0000] "POST /validate HTTP/1.1" 200 43 "-" "Mozilla/5.0 (X11; Linux x86_64) AppleWebKit/537.36 (KHTML, like Gecko) Ubuntu Chromium/67.0.3396.99 Chrome/67.0.3396.99 Safari/537.36"
::1 - - [08/Oct/2019:10:21:39 +0000] "POST /validate HTTP/1.1" 200 43 "-" "Mozilla/5.0 (X11; Linux x86_64) AppleWebKit/537.36 (KHTML, like Gecko) Ubuntu Chromium/67.0.3396.99 Chrome/67.0.3396.99 Safari/537.36"
::1 - - [08/Oct/2019:17:56:00 +0000] "POST /validate HTTP/1.1" 200 43 "-" "Mozilla/5.0 (X11; Linux x86_64) AppleWebKit/537.36 (KHTML, like Gecko) Ubuntu Chromium/67.0.3396.99 Chrome/67.0.3396.99 Safari/537.36"
::1 - - [08/Oct/2019:17:57:50 +0000] "POST /validate HTTP/1.1" 200 43 "-" "Mozilla/5.0 (X11; Linux x86_64) AppleWebKit/537.36 (KHTML, like Gecko) Ubuntu Chromium/67.0.3396.99 Chrome/67.0.3396.99 Safari/537.36"
::1 - - [08/Oct/2019:18:09:43 +0000] "POST /validate HTTP/1.1" 200 43 "-" "Mozilla/5.0 (X11; Linux x86_64) AppleWebKit/537.36 (KHTML, like Gecko) Ubuntu Chromium/67.0.3396.99 Chrome/67.0.3396.99 Safari/537.36"
::1 - - [08/Oct/2019:18:13:12 +0000] "POST /validate HTTP/1.1" 200 43 "-" "Mozilla/5.0 (X11; Linux x86_64) AppleWebKit/537.36 (KHTML, like Gecko) Ubuntu Chromium/67.0.3396.99 Chrome/67.0.3396.99 Safari/537.36"
::1 - - [08/Oct/2019:18:18:01 +0000] "POST /validate HTTP/1.1" 200 43 "-" "Mozilla/5.0 (X11; Linux x86_64) AppleWebKit/537.36 (KHTML, like Gecko) Ubuntu Chromium/67.0.3396.99 Chrome/67.0.3396.99 Safari/537.36"
::1 - - [08/Oct/2019:18:30:32 +0000] "POST /validate HTTP/1.1" 200 43 "-" "Mozilla/5.0 (X11; Linux x86_64) AppleWebKit/537.36 (KHTML, like Gecko) Ubuntu Chromium/67.0.3396.99 Chrome/67.0.3396.99 Safari/537.36"
::1 - - [08/Oct/2019:18:30:35 +0000] "POST /validate HTTP/1.1" 500 44 "-" "Mozilla/5.0 (X11; Linux x86_64) AppleWebKit/537.36 (KHTML, like Gecko) Ubuntu Chromium/67.0.3396.99 Chrome/67.0.3396.99 Safari/537.36"
::1 - - [08/Oct/2019:18:33:54 +0000] "POST /validate HTTP/1.1" 200 43 "-" "Mozilla/5.0 (X11; Linux x86_64) AppleWebKit/537.36 (KHTML, like Gecko) Ubuntu Chromium/67.0.3396.99 Chrome/67.0.3396.99 Safari/537.36"
::1 - - [08/Oct/2019:18:42:46 +0000] "POST /validate HTTP/1.1" 500 44 "-" "Mozilla/5.0 (X11; Linux x86_64) AppleWebKit/537.36 (KHTML, like Gecko) Ubuntu Chromium/67.0.3396.99 Chrome/67.0.3396.99 Safari/537.36"
::1 - - [08/Oct/2019:18:42:54 +0000] "POST /validate HTTP/1.1" 200 43 "-" "Mozilla/5.0 (X11; Linux x86_64) AppleWebKit/537.36 (KHTML, like Gecko) Ubuntu Chromium/67.0.3396.99 Chrome/67.0.3396.99 Safari/537.36"
::1 - - [08/Oct/2019:18:43:51 +0000] "POST /validate HTTP/1.1" 200 43 "-" "Mozilla/5.0 (X11; Linux x86_64) AppleWebKit/537.36 (KHTML, like Gecko) Ubuntu Chromium/67.0.3396.99 Chrome/67.0.3396.99 Safari/537.36"
::1 - - [08/Oct/2019:18:44:14 +0000] "POST /validate HTTP/1.1" 500 44 "-" "Mozilla/5.0 (X11; Linux x86_64) AppleWebKit/537.36 (KHTML, like Gecko) Ubuntu Chromium/67.0.3396.99 Chrome/67.0.3396.99 Safari/537.36"
::1 - - [08/Oct/2019:18:44:26 +0000] "POST /validate HTTP/1.1" 200 43 "-" "Mozilla/5.0 (X11; Linux x86_64) AppleWebKit/537.36 (KHTML, like Gecko) Ubuntu Chromium/67.0.3396.99 Chrome/67.0.3396.99 Safari/537.36"
::1 - - [08/Oct/2019:18:44:46 +0000] "POST /validate HTTP/1.1" 200 43 "-" "Mozilla/5.0 (X11; Linux x86_64) AppleWebKit/537.36 (KHTML, like Gecko) Ubuntu Chromium/67.0.3396.99 Chrome/67.0.3396.99 Safari/537.36"
::1 - - [09/Oct/2019:08:52:29 +0000] "POST /validate HTTP/1.1" 200 43 "-" "Mozilla/5.0 (X11; Linux x86_64) AppleWebKit/537.36 (KHTML, like Gecko) Ubuntu Chromium/67.0.3396.99 Chrome/67.0.3396.99 Safari/537.36"
::1 - - [09/Oct/2019:08:53:55 +0000] "POST /validate HTTP/1.1" 200 43 "-" "Mozilla/5.0 (X11; Linux x86_64) AppleWebKit/537.36 (KHTML, like Gecko) Ubuntu Chromium/67.0.3396.99 Chrome/67.0.3396.99 Safari/537.36"
::1 - - [09/Oct/2019:08:57:08 +0000] "POST /validate HTTP/1.1" 200 43 "-" "Mozilla/5.0 (X11; Linux x86_64) AppleWebKit/537.36 (KHTML, like Gecko) Ubuntu Chromium/67.0.3396.99 Chrome/67.0.3396.99 Safari/537.36"
::1 - - [09/Oct/2019:09:20:32 +0000] "POST /validate HTTP/1.1" 200 43 "-" "Mozilla/5.0 (X11; Linux x86_64) AppleWebKit/537.36 (KHTML, like Gecko) Ubuntu Chromium/67.0.3396.99 Chrome/67.0.3396.99 Safari/537.36"
::1 - - [09/Oct/2019:09:31:16 +0000] "POST /validate HTTP/1.1" 200 43 "-" "Mozilla/5.0 (X11; Linux x86_64) AppleWebKit/537.36 (KHTML, like Gecko) Ubuntu Chromium/67.0.3396.99 Chrome/67.0.3396.99 Safari/537.36"
::1 - - [09/Oct/2019:09:32:31 +0000] "POST /validate HTTP/1.1" 200 43 "-" "Mozilla/5.0 (X11; Linux x86_64) AppleWebKit/537.36 (KHTML, like Gecko) Ubuntu Chromium/67.0.3396.99 Chrome/67.0.3396.99 Safari/537.36"
::1 - - [09/Oct/2019:09:33:08 +0000] "POST /validate HTTP/1.1" 200 43 "-" "Mozilla/5.0 (X11; Linux x86_64) AppleWebKit/537.36 (KHTML, like Gecko) Ubuntu Chromium/67.0.3396.99 Chrome/67.0.3396.99 Safari/537.36"
::1 - - [09/Oct/2019:09:35:56 +0000] "POST /validate HTTP/1.1" 500 44 "-" "Mozilla/5.0 (X11; Linux x86_64) AppleWebKit/537.36 (KHTML, like Gecko) Ubuntu Chromium/67.0.3396.99 Chrome/67.0.3396.99 Safari/537.36"
::1 - - [09/Oct/2019:09:36:00 +0000] "POST /validate HTTP/1.1" 200 43 "-" "Mozilla/5.0 (X11; Linux x86_64) AppleWebKit/537.36 (KHTML, like Gecko) Ubuntu Chromium/67.0.3396.99 Chrome/67.0.3396.99 Safari/537.36"
::1 - - [09/Oct/2019:09:51:53 +0000] "POST /validate HTTP/1.1" 200 43 "-" "Mozilla/5.0 (X11; Linux x86_64) AppleWebKit/537.36 (KHTML, like Gecko) Ubuntu Chromium/67.0.3396.99 Chrome/67.0.3396.99 Safari/537.36"
::1 - - [09/Oct/2019:10:14:36 +0000] "POST /validate HTTP/1.1" 200 43 "-" "Mozilla/5.0 (X11; Linux x86_64) AppleWebKit/537.36 (KHTML, like Gecko) Ubuntu Chromium/67.0.3396.99 Chrome/67.0.3396.99 Safari/537.36"
::1 - - [10/Oct/2019:05:59:37 +0000] "POST /validate HTTP/1.1" 200 43 "-" "Mozilla/5.0 (X11; Linux x86_64) AppleWebKit/537.36 (KHTML, like Gecko) Ubuntu Chromium/67.0.3396.99 Chrome/67.0.3396.99 Safari/537.36"
::1 - - [10/Oct/2019:13:32:06 +0000] "POST /validate HTTP/1.1" 200 43 "-" "Mozilla/5.0 (X11; Linux x86_64) AppleWebKit/537.36 (KHTML, like Gecko) Ubuntu Chromium/67.0.3396.99 Chrome/67.0.3396.99 Safari/537.36"
::1 - - [10/Oct/2019:13:34:06 +0000] "POST /validate HTTP/1.1" 200 43 "-" "Mozilla/5.0 (X11; Linux x86_64) AppleWebKit/537.36 (KHTML, like Gecko) Ubuntu Chromium/67.0.3396.99 Chrome/67.0.3396.99 Safari/537.36"
::1 - - [10/Oct/2019:13:36:04 +0000] "POST /validate HTTP/1.1" 200 43 "-" "Mozilla/5.0 (X11; Linux x86_64) AppleWebKit/537.36 (KHTML, like Gecko) Ubuntu Chromium/67.0.3396.99 Chrome/67.0.3396.99 Safari/537.36"
::1 - - [10/Oct/2019:13:40:12 +0000] "POST /validate HTTP/1.1" 200 43 "-" "Mozilla/5.0 (X11; Linux x86_64) AppleWebKit/537.36 (KHTML, like Gecko) Ubuntu Chromium/67.0.3396.99 Chrome/67.0.3396.99 Safari/537.36"
::1 - - [10/Oct/2019:13:41:12 +0000] "POST /validate HTTP/1.1" 200 43 "-" "Mozilla/5.0 (X11; Linux x86_64) AppleWebKit/537.36 (KHTML, like Gecko) Ubuntu Chromium/67.0.3396.99 Chrome/67.0.3396.99 Safari/537.36"
::1 - - [10/Oct/2019:13:43:13 +0000] "POST /validate HTTP/1.1" 200 43 "-" "Mozilla/5.0 (X11; Linux x86_64) AppleWebKit/537.36 (KHTML, like Gecko) Ubuntu Chromium/67.0.3396.99 Chrome/67.0.3396.99 Safari/537.36"
::1 - - [10/Oct/2019:13:55:44 +0000] "POST /validate HTTP/1.1" 200 43 "-" "Mozilla/5.0 (X11; Linux x86_64) AppleWebKit/537.36 (KHTML, like Gecko) Ubuntu Chromium/67.0.3396.99 Chrome/67.0.3396.99 Safari/537.36"
::1 - - [10/Oct/2019:13:56:21 +0000] "POST /validate HTTP/1.1" 200 43 "-" "Mozilla/5.0 (X11; Linux x86_64) AppleWebKit/537.36 (KHTML, like Gecko) Ubuntu Chromium/67.0.3396.99 Chrome/67.0.3396.99 Safari/537.36"
::1 - - [10/Oct/2019:13:56:41 +0000] "POST /validate HTTP/1.1" 500 44 "-" "Mozilla/5.0 (X11; Linux x86_64) AppleWebKit/537.36 (KHTML, like Gecko) Ubuntu Chromium/67.0.3396.99 Chrome/67.0.3396.99 Safari/537.36"
::1 - - [10/Oct/2019:13:56:45 +0000] "POST /validate HTTP/1.1" 200 43 "-" "Mozilla/5.0 (X11; Linux x86_64) AppleWebKit/537.36 (KHTML, like Gecko) Ubuntu Chromium/67.0.3396.99 Chrome/67.0.3396.99 Safari/537.36"
::1 - - [10/Oct/2019:14:16:23 +0000] "POST /validate HTTP/1.1" 200 43 "-" "Mozilla/5.0 (X11; Linux x86_64) AppleWebKit/537.36 (KHTML, like Gecko) Ubuntu Chromium/67.0.3396.99 Chrome/67.0.3396.99 Safari/537.36"
::1 - - [10/Oct/2019:14:17:08 +0000] "POST /validate HTTP/1.1" 200 43 "-" "Mozilla/5.0 (X11; Linux x86_64) AppleWebKit/537.36 (KHTML, like Gecko) Ubuntu Chromium/67.0.3396.99 Chrome/67.0.3396.99 Safari/537.36"
::1 - - [10/Oct/2019:14:20:12 +0000] "POST /validate HTTP/1.1" 200 43 "-" "Mozilla/5.0 (X11; Linux x86_64) AppleWebKit/537.36 (KHTML, like Gecko) Ubuntu Chromium/67.0.3396.99 Chrome/67.0.3396.99 Safari/537.36"
::1 - - [10/Oct/2019:14:24:08 +0000] "POST /validate HTTP/1.1" 200 43 "-" "Mozilla/5.0 (X11; Linux x86_64) AppleWebKit/537.36 (KHTML, like Gecko) Ubuntu Chromium/67.0.3396.99 Chrome/67.0.3396.99 Safari/537.36"
::1 - - [10/Oct/2019:14:26:46 +0000] "POST /validate HTTP/1.1" 200 43 "-" "Mozilla/5.0 (X11; Linux x86_64) AppleWebKit/537.36 (KHTML, like Gecko) Ubuntu Chromium/67.0.3396.99 Chrome/67.0.3396.99 Safari/537.36"
::1 - - [10/Oct/2019:14:28:20 +0000] "POST /validate HTTP/1.1" 200 43 "-" "Mozilla/5.0 (X11; Linux x86_64) AppleWebKit/537.36 (KHTML, like Gecko) Ubuntu Chromium/67.0.3396.99 Chrome/67.0.3396.99 Safari/537.36"
::1 - - [10/Oct/2019:14:30:03 +0000] "POST /validate HTTP/1.1" 200 43 "-" "Mozilla/5.0 (X11; Linux x86_64) AppleWebKit/537.36 (KHTML, like Gecko) Ubuntu Chromium/67.0.3396.99 Chrome/67.0.3396.99 Safari/537.36"
::1 - - [10/Oct/2019:14:31:57 +0000] "POST /validate HTTP/1.1" 200 43 "-" "Mozilla/5.0 (X11; Linux x86_64) AppleWebKit/537.36 (KHTML, like Gecko) Ubuntu Chromium/67.0.3396.99 Chrome/67.0.3396.99 Safari/537.36"
::1 - - [10/Oct/2019:14:35:28 +0000] "POST /validate HTTP/1.1" 200 43 "-" "Mozilla/5.0 (X11; Linux x86_64) AppleWebKit/537.36 (KHTML, like Gecko) Ubuntu Chromium/67.0.3396.99 Chrome/67.0.3396.99 Safari/537.36"
::1 - - [10/Oct/2019:14:51:10 +0000] "POST /validate HTTP/1.1" 200 43 "-" "Mozilla/5.0 (X11; Linux x86_64) AppleWebKit/537.36 (KHTML, like Gecko) Ubuntu Chromium/67.0.3396.99 Chrome/67.0.3396.99 Safari/537.36"
::1 - - [10/Oct/2019:14:52:02 +0000] "POST /validate HTTP/1.1" 200 43 "-" "Mozilla/5.0 (X11; Linux x86_64) AppleWebKit/537.36 (KHTML, like Gecko) Ubuntu Chromium/67.0.3396.99 Chrome/67.0.3396.99 Safari/537.36"
::1 - - [11/Oct/2019:12:22:06 +0000] "POST /validate HTTP/1.1" 500 44 "-" "Mozilla/5.0 (X11; Linux x86_64) AppleWebKit/537.36 (KHTML, like Gecko) Ubuntu Chromium/67.0.3396.99 Chrome/67.0.3396.99 Safari/537.36"
::1 - - [11/Oct/2019:12:22:13 +0000] "POST /validate HTTP/1.1" 200 43 "-" "Mozilla/5.0 (X11; Linux x86_64) AppleWebKit/537.36 (KHTML, like Gecko) Ubuntu Chromium/67.0.3396.99 Chrome/67.0.3396.99 Safari/537.36"
::1 - - [11/Oct/2019:12:23:21 +0000] "POST /validate HTTP/1.1" 200 43 "-" "Mozilla/5.0 (X11; Linux x86_64) AppleWebKit/537.36 (KHTML, like Gecko) Ubuntu Chromium/67.0.3396.99 Chrome/67.0.3396.99 Safari/537.36"
::1 - - [11/Oct/2019:12:24:04 +0000] "POST /validate HTTP/1.1" 200 43 "-" "Mozilla/5.0 (X11; Linux x86_64) AppleWebKit/537.36 (KHTML, like Gecko) Ubuntu Chromium/67.0.3396.99 Chrome/67.0.3396.99 Safari/537.36"
::1 - - [11/Oct/2019:12:26:23 +0000] "POST /validate HTTP/1.1" 200 43 "-" "Mozilla/5.0 (X11; Linux x86_64) AppleWebKit/537.36 (KHTML, like Gecko) Ubuntu Chromium/67.0.3396.99 Chrome/67.0.3396.99 Safari/537.36"
::1 - - [11/Oct/2019:13:25:42 +0000] "POST /validate HTTP/1.1" 200 43 "-" "Mozilla/5.0 (X11; Linux x86_64) AppleWebKit/537.36 (KHTML, like Gecko) Ubuntu Chromium/67.0.3396.99 Chrome/67.0.3396.99 Safari/537.36"
::1 - - [11/Oct/2019:13:26:17 +0000] "POST /validate HTTP/1.1" 200 43 "-" "Mozilla/5.0 (X11; Linux x86_64) AppleWebKit/537.36 (KHTML, like Gecko) Ubuntu Chromium/67.0.3396.99 Chrome/67.0.3396.99 Safari/537.36"
::1 - - [11/Oct/2019:15:18:13 +0000] "POST /validate HTTP/1.1" 200 43 "-" "Mozilla/5.0 (X11; Linux x86_64) AppleWebKit/537.36 (KHTML, like Gecko) Ubuntu Chromium/67.0.3396.99 Chrome/67.0.3396.99 Safari/537.36"
::1 - - [11/Oct/2019:15:20:36 +0000] "POST /validate HTTP/1.1" 200 43 "-" "Mozilla/5.0 (X11; Linux x86_64) AppleWebKit/537.36 (KHTML, like Gecko) Ubuntu Chromium/67.0.3396.99 Chrome/67.0.3396.99 Safari/537.36"
::1 - - [11/Oct/2019:15:21:59 +0000] "POST /validate HTTP/1.1" 200 43 "-" "Mozilla/5.0 (X11; Linux x86_64) AppleWebKit/537.36 (KHTML, like Gecko) Ubuntu Chromium/67.0.3396.99 Chrome/67.0.3396.99 Safari/537.36"
::1 - - [11/Oct/2019:15:22:40 +0000] "POST /validate HTTP/1.1" 200 43 "-" "Mozilla/5.0 (X11; Linux x86_64) AppleWebKit/537.36 (KHTML, like Gecko) Ubuntu Chromium/67.0.3396.99 Chrome/67.0.3396.99 Safari/537.36"
::1 - - [11/Oct/2019:15:23:49 +0000] "POST /validate HTTP/1.1" 200 43 "-" "Mozilla/5.0 (X11; Linux x86_64) AppleWebKit/537.36 (KHTML, like Gecko) Ubuntu Chromium/67.0.3396.99 Chrome/67.0.3396.99 Safari/537.36"
::1 - - [11/Oct/2019:15:26:51 +0000] "POST /validate HTTP/1.1" 200 43 "-" "Mozilla/5.0 (X11; Linux x86_64) AppleWebKit/537.36 (KHTML, like Gecko) Ubuntu Chromium/67.0.3396.99 Chrome/67.0.3396.99 Safari/537.36"
::1 - - [11/Oct/2019:15:27:52 +0000] "POST /validate HTTP/1.1" 500 44 "-" "Mozilla/5.0 (X11; Linux x86_64) AppleWebKit/537.36 (KHTML, like Gecko) Ubuntu Chromium/67.0.3396.99 Chrome/67.0.3396.99 Safari/537.36"
::1 - - [11/Oct/2019:15:27:57 +0000] "POST /validate HTTP/1.1" 200 43 "-" "Mozilla/5.0 (X11; Linux x86_64) AppleWebKit/537.36 (KHTML, like Gecko) Ubuntu Chromium/67.0.3396.99 Chrome/67.0.3396.99 Safari/537.36"
::1 - - [11/Oct/2019:15:28:27 +0000] "POST /validate HTTP/1.1" 500 44 "-" "Mozilla/5.0 (X11; Linux x86_64) AppleWebKit/537.36 (KHTML, like Gecko) Ubuntu Chromium/67.0.3396.99 Chrome/67.0.3396.99 Safari/537.36"
::1 - - [11/Oct/2019:15:28:34 +0000] "POST /validate HTTP/1.1" 200 43 "-" "Mozilla/5.0 (X11; Linux x86_64) AppleWebKit/537.36 (KHTML, like Gecko) Ubuntu Chromium/67.0.3396.99 Chrome/67.0.3396.99 Safari/537.36"
::1 - - [11/Oct/2019:15:29:25 +0000] "POST /validate HTTP/1.1" 200 43 "-" "Mozilla/5.0 (X11; Linux x86_64) AppleWebKit/537.36 (KHTML, like Gecko) Ubuntu Chromium/67.0.3396.99 Chrome/67.0.3396.99 Safari/537.36"
::1 - - [11/Oct/2019:15:30:09 +0000] "POST /validate HTTP/1.1" 200 43 "-" "Mozilla/5.0 (X11; Linux x86_64) AppleWebKit/537.36 (KHTML, like Gecko) Ubuntu Chromium/67.0.3396.99 Chrome/67.0.3396.99 Safari/537.36"
::1 - - [11/Oct/2019:15:31:00 +0000] "POST /validate HTTP/1.1" 200 43 "-" "Mozilla/5.0 (X11; Linux x86_64) AppleWebKit/537.36 (KHTML, like Gecko) Ubuntu Chromium/67.0.3396.99 Chrome/67.0.3396.99 Safari/537.36"
::1 - - [15/Oct/2019:19:19:13 +0000] "GET /en HTTP/1.1" 302 31 "-" "Mozilla/5.0 (X11; Linux x86_64) AppleWebKit/537.36 (KHTML, like Gecko) Ubuntu Chromium/67.0.3396.99 Chrome/67.0.3396.99 Safari/537.36"
::1 - - [15/Oct/2019:19:19:13 +0000] "GET /validate HTTP/1.1" 200 37 "-" "Mozilla/5.0 (X11; Linux x86_64) AppleWebKit/537.36 (KHTML, like Gecko) Ubuntu Chromium/67.0.3396.99 Chrome/67.0.3396.99 Safari/537.36"
::1 - - [15/Oct/2019:19:19:34 +0000] "GET /de HTTP/1.1" 302 31 "-" "Mozilla/5.0 (X11; Linux x86_64) AppleWebKit/537.36 (KHTML, like Gecko) Ubuntu Chromium/67.0.3396.99 Chrome/67.0.3396.99 Safari/537.36"
::1 - - [15/Oct/2019:19:19:34 +0000] "GET /validate HTTP/1.1" 200 45 "-" "Mozilla/5.0 (X11; Linux x86_64) AppleWebKit/537.36 (KHTML, like Gecko) Ubuntu Chromium/67.0.3396.99 Chrome/67.0.3396.99 Safari/537.36"
::1 - - [15/Oct/2019:19:19:46 +0000] "GET /en HTTP/1.1" 302 31 "-" "Mozilla/5.0 (X11; Linux x86_64) AppleWebKit/537.36 (KHTML, like Gecko) Ubuntu Chromium/67.0.3396.99 Chrome/67.0.3396.99 Safari/537.36"
::1 - - [15/Oct/2019:19:19:46 +0000] "GET /validate HTTP/1.1" 200 37 "-" "Mozilla/5.0 (X11; Linux x86_64) AppleWebKit/537.36 (KHTML, like Gecko) Ubuntu Chromium/67.0.3396.99 Chrome/67.0.3396.99 Safari/537.36"
::1 - - [15/Oct/2019:19:19:52 +0000] "GET /validate HTTP/1.1" 200 37 "-" "Mozilla/5.0 (X11; Linux x86_64) AppleWebKit/537.36 (KHTML, like Gecko) Ubuntu Chromium/67.0.3396.99 Chrome/67.0.3396.99 Safari/537.36"
::1 - - [15/Oct/2019:19:20:35 +0000] "POST /validate HTTP/1.1" 500 44 "-" "Mozilla/5.0 (X11; Linux x86_64) AppleWebKit/537.36 (KHTML, like Gecko) Ubuntu Chromium/67.0.3396.99 Chrome/67.0.3396.99 Safari/537.36"
::1 - - [15/Oct/2019:19:20:43 +0000] "POST /validate HTTP/1.1" 200 43 "-" "Mozilla/5.0 (X11; Linux x86_64) AppleWebKit/537.36 (KHTML, like Gecko) Ubuntu Chromium/67.0.3396.99 Chrome/67.0.3396.99 Safari/537.36"
::1 - - [15/Oct/2019:19:21:46 +0000] "POST /login HTTP/1.1" 400 64 "-" "Mozilla/5.0 (X11; Linux x86_64) AppleWebKit/537.36 (KHTML, like Gecko) Ubuntu Chromium/67.0.3396.99 Chrome/67.0.3396.99 Safari/537.36"
::1 - - [15/Oct/2019:19:22:01 +0000] "POST /login HTTP/1.1" 500 54 "-" "Mozilla/5.0 (X11; Linux x86_64) AppleWebKit/537.36 (KHTML, like Gecko) Ubuntu Chromium/67.0.3396.99 Chrome/67.0.3396.99 Safari/537.36"
::1 - - [15/Oct/2019:19:23:22 +0000] "POST /login HTTP/1.1" 200 159 "-" "Mozilla/5.0 (X11; Linux x86_64) AppleWebKit/537.36 (KHTML, like Gecko) Ubuntu Chromium/67.0.3396.99 Chrome/67.0.3396.99 Safari/537.36"
::1 - - [15/Oct/2019:19:23:53 +0000] "GET /getdata HTTP/1.1" 200 599 "-" "Mozilla/5.0 (X11; Linux x86_64) AppleWebKit/537.36 (KHTML, like Gecko) Ubuntu Chromium/67.0.3396.99 Chrome/67.0.3396.99 Safari/537.36"
::ffff:127.0.0.1 - - [16/Oct/2019:08:43:45 +0000] "GET /r HTTP/1.1" 404 35 "-" "Mozilla/5.0 (X11; Ubuntu; Linux x86_64; rv:61.0) Gecko/20100101 Firefox/61.0"
::ffff:127.0.0.1 - - [16/Oct/2019:08:43:45 +0000] "GET /favicon.ico HTTP/1.1" 404 35 "-" "Mozilla/5.0 (X11; Ubuntu; Linux x86_64; rv:61.0) Gecko/20100101 Firefox/61.0"
::ffff:127.0.0.1 - - [16/Oct/2019:08:43:46 +0000] "GET /favicon.ico HTTP/1.1" 404 35 "-" "Mozilla/5.0 (X11; Ubuntu; Linux x86_64; rv:61.0) Gecko/20100101 Firefox/61.0"
::ffff:127.0.0.1 - - [16/Oct/2019:08:44:38 +0000] "GET /validate HTTP/1.1" 500 65 "-" "Mozilla/5.0 (X11; Ubuntu; Linux x86_64; rv:61.0) Gecko/20100101 Firefox/61.0"
::ffff:127.0.0.1 - - [16/Oct/2019:08:44:46 +0000] "GET /en HTTP/1.1" 302 62 "-" "Mozilla/5.0 (X11; Ubuntu; Linux x86_64; rv:61.0) Gecko/20100101 Firefox/61.0"
::ffff:127.0.0.1 - - [16/Oct/2019:08:44:46 +0000] "GET /validate HTTP/1.1" 200 37 "-" "Mozilla/5.0 (X11; Ubuntu; Linux x86_64; rv:61.0) Gecko/20100101 Firefox/61.0"
::ffff:127.0.0.1 - - [16/Oct/2019:08:44:49 +0000] "GET /validate HTTP/1.1" 304 - "-" "Mozilla/5.0 (X11; Ubuntu; Linux x86_64; rv:61.0) Gecko/20100101 Firefox/61.0"
::1 - - [16/Oct/2019:08:46:07 +0000] "POST /validate HTTP/1.1" 500 44 "-" "PostmanRuntime/7.6.0"
::1 - - [16/Oct/2019:08:46:20 +0000] "POST /validate HTTP/1.1" 200 43 "-" "PostmanRuntime/7.6.0"
::1 - - [18/Oct/2019:09:41:59 +0000] "POST /login HTTP/1.1" 500 45 "-" "Mozilla/5.0 (X11; Linux x86_64) AppleWebKit/537.36 (KHTML, like Gecko) Ubuntu Chromium/67.0.3396.99 Chrome/67.0.3396.99 Safari/537.36"
::1 - - [18/Oct/2019:09:42:56 +0000] "POST /validate HTTP/1.1" 422 53 "-" "Mozilla/5.0 (X11; Linux x86_64) AppleWebKit/537.36 (KHTML, like Gecko) Ubuntu Chromium/67.0.3396.99 Chrome/67.0.3396.99 Safari/537.36"
::1 - - [18/Oct/2019:09:43:03 +0000] "POST /validate HTTP/1.1" 200 43 "-" "Mozilla/5.0 (X11; Linux x86_64) AppleWebKit/537.36 (KHTML, like Gecko) Ubuntu Chromium/67.0.3396.99 Chrome/67.0.3396.99 Safari/537.36"
