::1 - - [06/Oct/2019:09:49:29 +0000] "GET /en HTTP/1.1" 302 31 "-" "Mozilla/5.0 (X11; Linux x86_64) AppleWebKit/537.36 (KHTML, like Gecko) Ubuntu Chromium/67.0.3396.99 Chrome/67.0.3396.99 Safari/537.36"
::1 - - [06/Oct/2019:09:49:29 +0000] "GET /validate HTTP/1.1" 200 37 "-" "Mozilla/5.0 (X11; Linux x86_64) AppleWebKit/537.36 (KHTML, like Gecko) Ubuntu Chromium/67.0.3396.99 Chrome/67.0.3396.99 Safari/537.36"
::1 - - [06/Oct/2019:09:49:34 +0000] "GET /de HTTP/1.1" 302 31 "-" "Mozilla/5.0 (X11; Linux x86_64) AppleWebKit/537.36 (KHTML, like Gecko) Ubuntu Chromium/67.0.3396.99 Chrome/67.0.3396.99 Safari/537.36"
::1 - - [06/Oct/2019:09:49:34 +0000] "GET /validate HTTP/1.1" 200 45 "-" "Mozilla/5.0 (X11; Linux x86_64) AppleWebKit/537.36 (KHTML, like Gecko) Ubuntu Chromium/67.0.3396.99 Chrome/67.0.3396.99 Safari/537.36"
::1 - - [06/Oct/2019:09:51:09 +0000] "POST /validate HTTP/1.1" 200 44 "-" "Mozilla/5.0 (X11; Linux x86_64) AppleWebKit/537.36 (KHTML, like Gecko) Ubuntu Chromium/67.0.3396.99 Chrome/67.0.3396.99 Safari/537.36"
::1 - - [06/Oct/2019:09:53:02 +0000] "POST /validate HTTP/1.1" 500 48 "-" "Mozilla/5.0 (X11; Linux x86_64) AppleWebKit/537.36 (KHTML, like Gecko) Ubuntu Chromium/67.0.3396.99 Chrome/67.0.3396.99 Safari/537.36"
::1 - - [07/Oct/2019:14:09:27 +0000] "POST /validate HTTP/1.1" 400 64 "-" "Mozilla/5.0 (X11; Linux x86_64) AppleWebKit/537.36 (KHTML, like Gecko) Ubuntu Chromium/67.0.3396.99 Chrome/67.0.3396.99 Safari/537.36"
::1 - - [07/Oct/2019:14:10:32 +0000] "POST /validate HTTP/1.1" 400 64 "-" "Mozilla/5.0 (X11; Linux x86_64) AppleWebKit/537.36 (KHTML, like Gecko) Ubuntu Chromium/67.0.3396.99 Chrome/67.0.3396.99 Safari/537.36"
::1 - - [07/Oct/2019:14:10:49 +0000] "POST /validate HTTP/1.1" 400 64 "-" "Mozilla/5.0 (X11; Linux x86_64) AppleWebKit/537.36 (KHTML, like Gecko) Ubuntu Chromium/67.0.3396.99 Chrome/67.0.3396.99 Safari/537.36"
::1 - - [07/Oct/2019:14:10:53 +0000] "POST /validate HTTP/1.1" 302 31 "-" "Mozilla/5.0 (X11; Linux x86_64) AppleWebKit/537.36 (KHTML, like Gecko) Ubuntu Chromium/67.0.3396.99 Chrome/67.0.3396.99 Safari/537.36"
::1 - - [07/Oct/2019:14:10:53 +0000] "GET /validate HTTP/1.1" 200 211 "-" "Mozilla/5.0 (X11; Linux x86_64) AppleWebKit/537.36 (KHTML, like Gecko) Ubuntu Chromium/67.0.3396.99 Chrome/67.0.3396.99 Safari/537.36"
::1 - - [07/Oct/2019:14:11:05 +0000] "POST /validate HTTP/1.1" 302 31 "-" "Mozilla/5.0 (X11; Linux x86_64) AppleWebKit/537.36 (KHTML, like Gecko) Ubuntu Chromium/67.0.3396.99 Chrome/67.0.3396.99 Safari/537.36"
::1 - - [07/Oct/2019:14:11:05 +0000] "GET /validate HTTP/1.1" 200 211 "-" "Mozilla/5.0 (X11; Linux x86_64) AppleWebKit/537.36 (KHTML, like Gecko) Ubuntu Chromium/67.0.3396.99 Chrome/67.0.3396.99 Safari/537.36"
::1 - - [07/Oct/2019:14:11:12 +0000] "POST /validate HTTP/1.1" 400 64 "-" "Mozilla/5.0 (X11; Linux x86_64) AppleWebKit/537.36 (KHTML, like Gecko) Ubuntu Chromium/67.0.3396.99 Chrome/67.0.3396.99 Safari/537.36"
::1 - - [07/Oct/2019:14:11:41 +0000] "POST /validate HTTP/1.1" 302 31 "-" "Mozilla/5.0 (X11; Linux x86_64) AppleWebKit/537.36 (KHTML, like Gecko) Ubuntu Chromium/67.0.3396.99 Chrome/67.0.3396.99 Safari/537.36"
::1 - - [07/Oct/2019:14:11:41 +0000] "GET /validate HTTP/1.1" 200 211 "-" "Mozilla/5.0 (X11; Linux x86_64) AppleWebKit/537.36 (KHTML, like Gecko) Ubuntu Chromium/67.0.3396.99 Chrome/67.0.3396.99 Safari/537.36"
::1 - - [07/Oct/2019:14:12:06 +0000] "POST /validate HTTP/1.1" 302 31 "-" "Mozilla/5.0 (X11; Linux x86_64) AppleWebKit/537.36 (KHTML, like Gecko) Ubuntu Chromium/67.0.3396.99 Chrome/67.0.3396.99 Safari/537.36"
::1 - - [07/Oct/2019:14:12:06 +0000] "GET /validate HTTP/1.1" 200 211 "-" "Mozilla/5.0 (X11; Linux x86_64) AppleWebKit/537.36 (KHTML, like Gecko) Ubuntu Chromium/67.0.3396.99 Chrome/67.0.3396.99 Safari/537.36"
::1 - - [07/Oct/2019:14:13:44 +0000] "POST /validate HTTP/1.1" 302 31 "-" "Mozilla/5.0 (X11; Linux x86_64) AppleWebKit/537.36 (KHTML, like Gecko) Ubuntu Chromium/67.0.3396.99 Chrome/67.0.3396.99 Safari/537.36"
::1 - - [07/Oct/2019:14:13:44 +0000] "GET /validate HTTP/1.1" 200 211 "-" "Mozilla/5.0 (X11; Linux x86_64) AppleWebKit/537.36 (KHTML, like Gecko) Ubuntu Chromium/67.0.3396.99 Chrome/67.0.3396.99 Safari/537.36"
::1 - - [07/Oct/2019:14:13:59 +0000] "GET /validate HTTP/1.1" 200 211 "-" "Mozilla/5.0 (X11; Linux x86_64) AppleWebKit/537.36 (KHTML, like Gecko) Ubuntu Chromium/67.0.3396.99 Chrome/67.0.3396.99 Safari/537.36"
::1 - - [07/Oct/2019:14:14:06 +0000] "GET /validate HTTP/1.1" 200 211 "-" "Mozilla/5.0 (X11; Linux x86_64) AppleWebKit/537.36 (KHTML, like Gecko) Ubuntu Chromium/67.0.3396.99 Chrome/67.0.3396.99 Safari/537.36"
::1 - - [07/Oct/2019:14:14:38 +0000] "GET /en HTTP/1.1" 302 31 "-" "Mozilla/5.0 (X11; Linux x86_64) AppleWebKit/537.36 (KHTML, like Gecko) Ubuntu Chromium/67.0.3396.99 Chrome/67.0.3396.99 Safari/537.36"
::1 - - [07/Oct/2019:14:14:38 +0000] "GET /validate HTTP/1.1" 200 211 "-" "Mozilla/5.0 (X11; Linux x86_64) AppleWebKit/537.36 (KHTML, like Gecko) Ubuntu Chromium/67.0.3396.99 Chrome/67.0.3396.99 Safari/537.36"
::1 - - [07/Oct/2019:14:15:29 +0000] "GET /en HTTP/1.1" 302 31 "-" "Mozilla/5.0 (X11; Linux x86_64) AppleWebKit/537.36 (KHTML, like Gecko) Ubuntu Chromium/67.0.3396.99 Chrome/67.0.3396.99 Safari/537.36"
::1 - - [07/Oct/2019:14:15:29 +0000] "GET /validate HTTP/1.1" 200 37 "-" "Mozilla/5.0 (X11; Linux x86_64) AppleWebKit/537.36 (KHTML, like Gecko) Ubuntu Chromium/67.0.3396.99 Chrome/67.0.3396.99 Safari/537.36"
::1 - - [07/Oct/2019:14:15:39 +0000] "GET /validate HTTP/1.1" 200 37 "-" "Mozilla/5.0 (X11; Linux x86_64) AppleWebKit/537.36 (KHTML, like Gecko) Ubuntu Chromium/67.0.3396.99 Chrome/67.0.3396.99 Safari/537.36"
::1 - - [07/Oct/2019:14:15:56 +0000] "POST /validate HTTP/1.1" 302 31 "-" "Mozilla/5.0 (X11; Linux x86_64) AppleWebKit/537.36 (KHTML, like Gecko) Ubuntu Chromium/67.0.3396.99 Chrome/67.0.3396.99 Safari/537.36"
::1 - - [07/Oct/2019:14:15:56 +0000] "GET /validate HTTP/1.1" 200 211 "-" "Mozilla/5.0 (X11; Linux x86_64) AppleWebKit/537.36 (KHTML, like Gecko) Ubuntu Chromium/67.0.3396.99 Chrome/67.0.3396.99 Safari/537.36"
::1 - - [07/Oct/2019:14:16:36 +0000] "POST /validate HTTP/1.1" 400 64 "-" "Mozilla/5.0 (X11; Linux x86_64) AppleWebKit/537.36 (KHTML, like Gecko) Ubuntu Chromium/67.0.3396.99 Chrome/67.0.3396.99 Safari/537.36"
::1 - - [07/Oct/2019:14:17:06 +0000] "POST /validate HTTP/1.1" 400 64 "-" "Mozilla/5.0 (X11; Linux x86_64) AppleWebKit/537.36 (KHTML, like Gecko) Ubuntu Chromium/67.0.3396.99 Chrome/67.0.3396.99 Safari/537.36"
::1 - - [07/Oct/2019:14:17:21 +0000] "POST /validate HTTP/1.1" 422 53 "-" "Mozilla/5.0 (X11; Linux x86_64) AppleWebKit/537.36 (KHTML, like Gecko) Ubuntu Chromium/67.0.3396.99 Chrome/67.0.3396.99 Safari/537.36"
::1 - - [07/Oct/2019:14:17:54 +0000] "POST /validate HTTP/1.1" 422 53 "-" "Mozilla/5.0 (X11; Linux x86_64) AppleWebKit/537.36 (KHTML, like Gecko) Ubuntu Chromium/67.0.3396.99 Chrome/67.0.3396.99 Safari/537.36"
::1 - - [07/Oct/2019:14:18:09 +0000] "POST /validate HTTP/1.1" 422 53 "-" "Mozilla/5.0 (X11; Linux x86_64) AppleWebKit/537.36 (KHTML, like Gecko) Ubuntu Chromium/67.0.3396.99 Chrome/67.0.3396.99 Safari/537.36"
::1 - - [07/Oct/2019:14:18:18 +0000] "POST /validate HTTP/1.1" 422 53 "-" "Mozilla/5.0 (X11; Linux x86_64) AppleWebKit/537.36 (KHTML, like Gecko) Ubuntu Chromium/67.0.3396.99 Chrome/67.0.3396.99 Safari/537.36"
::1 - - [07/Oct/2019:14:19:15 +0000] "POST /validate HTTP/1.1" 422 53 "-" "Mozilla/5.0 (X11; Linux x86_64) AppleWebKit/537.36 (KHTML, like Gecko) Ubuntu Chromium/67.0.3396.99 Chrome/67.0.3396.99 Safari/537.36"
::1 - - [07/Oct/2019:14:19:20 +0000] "POST /validate HTTP/1.1" 422 53 "-" "Mozilla/5.0 (X11; Linux x86_64) AppleWebKit/537.36 (KHTML, like Gecko) Ubuntu Chromium/67.0.3396.99 Chrome/67.0.3396.99 Safari/537.36"
::1 - - [07/Oct/2019:14:21:57 +0000] "POST /validate HTTP/1.1" 422 53 "-" "Mozilla/5.0 (X11; Linux x86_64) AppleWebKit/537.36 (KHTML, like Gecko) Ubuntu Chromium/67.0.3396.99 Chrome/67.0.3396.99 Safari/537.36"
::1 - - [07/Oct/2019:14:23:58 +0000] "POST /validate HTTP/1.1" 422 53 "-" "Mozilla/5.0 (X11; Linux x86_64) AppleWebKit/537.36 (KHTML, like Gecko) Ubuntu Chromium/67.0.3396.99 Chrome/67.0.3396.99 Safari/537.36"
::1 - - [07/Oct/2019:14:24:46 +0000] "POST /validate HTTP/1.1" 422 53 "-" "Mozilla/5.0 (X11; Linux x86_64) AppleWebKit/537.36 (KHTML, like Gecko) Ubuntu Chromium/67.0.3396.99 Chrome/67.0.3396.99 Safari/537.36"
::1 - - [07/Oct/2019:14:25:10 +0000] "POST /validate HTTP/1.1" 422 53 "-" "Mozilla/5.0 (X11; Linux x86_64) AppleWebKit/537.36 (KHTML, like Gecko) Ubuntu Chromium/67.0.3396.99 Chrome/67.0.3396.99 Safari/537.36"
::1 - - [07/Oct/2019:14:26:03 +0000] "POST /validate HTTP/1.1" 422 53 "-" "Mozilla/5.0 (X11; Linux x86_64) AppleWebKit/537.36 (KHTML, like Gecko) Ubuntu Chromium/67.0.3396.99 Chrome/67.0.3396.99 Safari/537.36"
::1 - - [07/Oct/2019:14:33:29 +0000] "POST /validate HTTP/1.1" 422 53 "-" "Mozilla/5.0 (X11; Linux x86_64) AppleWebKit/537.36 (KHTML, like Gecko) Ubuntu Chromium/67.0.3396.99 Chrome/67.0.3396.99 Safari/537.36"
::1 - - [07/Oct/2019:14:36:02 +0000] "POST /validate HTTP/1.1" 302 31 "-" "Mozilla/5.0 (X11; Linux x86_64) AppleWebKit/537.36 (KHTML, like Gecko) Ubuntu Chromium/67.0.3396.99 Chrome/67.0.3396.99 Safari/537.36"
::1 - - [07/Oct/2019:14:36:02 +0000] "GET /validate HTTP/1.1" 200 211 "-" "Mozilla/5.0 (X11; Linux x86_64) AppleWebKit/537.36 (KHTML, like Gecko) Ubuntu Chromium/67.0.3396.99 Chrome/67.0.3396.99 Safari/537.36"
::1 - - [07/Oct/2019:14:39:14 +0000] "POST /validate HTTP/1.1" 422 53 "-" "Mozilla/5.0 (X11; Linux x86_64) AppleWebKit/537.36 (KHTML, like Gecko) Ubuntu Chromium/67.0.3396.99 Chrome/67.0.3396.99 Safari/537.36"
::1 - - [07/Oct/2019:14:39:29 +0000] "POST /validate HTTP/1.1" 422 53 "-" "Mozilla/5.0 (X11; Linux x86_64) AppleWebKit/537.36 (KHTML, like Gecko) Ubuntu Chromium/67.0.3396.99 Chrome/67.0.3396.99 Safari/537.36"
::1 - - [07/Oct/2019:14:40:45 +0000] "POST /validate HTTP/1.1" 422 53 "-" "Mozilla/5.0 (X11; Linux x86_64) AppleWebKit/537.36 (KHTML, like Gecko) Ubuntu Chromium/67.0.3396.99 Chrome/67.0.3396.99 Safari/537.36"
::1 - - [07/Oct/2019:14:44:37 +0000] "POST /validate HTTP/1.1" 422 53 "-" "Mozilla/5.0 (X11; Linux x86_64) AppleWebKit/537.36 (KHTML, like Gecko) Ubuntu Chromium/67.0.3396.99 Chrome/67.0.3396.99 Safari/537.36"
::1 - - [07/Oct/2019:14:46:40 +0000] "POST /validate HTTP/1.1" 422 53 "-" "Mozilla/5.0 (X11; Linux x86_64) AppleWebKit/537.36 (KHTML, like Gecko) Ubuntu Chromium/67.0.3396.99 Chrome/67.0.3396.99 Safari/537.36"
::1 - - [07/Oct/2019:15:01:53 +0000] "POST /validate HTTP/1.1" 302 31 "-" "Mozilla/5.0 (X11; Linux x86_64) AppleWebKit/537.36 (KHTML, like Gecko) Ubuntu Chromium/67.0.3396.99 Chrome/67.0.3396.99 Safari/537.36"
::1 - - [07/Oct/2019:15:01:53 +0000] "GET /validate HTTP/1.1" 200 211 "-" "Mozilla/5.0 (X11; Linux x86_64) AppleWebKit/537.36 (KHTML, like Gecko) Ubuntu Chromium/67.0.3396.99 Chrome/67.0.3396.99 Safari/537.36"
::1 - - [07/Oct/2019:15:02:52 +0000] "POST /validate HTTP/1.1" 302 31 "-" "Mozilla/5.0 (X11; Linux x86_64) AppleWebKit/537.36 (KHTML, like Gecko) Ubuntu Chromium/67.0.3396.99 Chrome/67.0.3396.99 Safari/537.36"
::1 - - [07/Oct/2019:15:02:52 +0000] "GET /validate HTTP/1.1" 200 211 "-" "Mozilla/5.0 (X11; Linux x86_64) AppleWebKit/537.36 (KHTML, like Gecko) Ubuntu Chromium/67.0.3396.99 Chrome/67.0.3396.99 Safari/537.36"
::1 - - [07/Oct/2019:15:03:41 +0000] "POST /validate HTTP/1.1" 422 53 "-" "Mozilla/5.0 (X11; Linux x86_64) AppleWebKit/537.36 (KHTML, like Gecko) Ubuntu Chromium/67.0.3396.99 Chrome/67.0.3396.99 Safari/537.36"
::1 - - [07/Oct/2019:15:04:35 +0000] "POST /validate HTTP/1.1" 422 53 "-" "Mozilla/5.0 (X11; Linux x86_64) AppleWebKit/537.36 (KHTML, like Gecko) Ubuntu Chromium/67.0.3396.99 Chrome/67.0.3396.99 Safari/537.36"
::1 - - [07/Oct/2019:15:05:08 +0000] "POST /validate HTTP/1.1" 422 53 "-" "Mozilla/5.0 (X11; Linux x86_64) AppleWebKit/537.36 (KHTML, like Gecko) Ubuntu Chromium/67.0.3396.99 Chrome/67.0.3396.99 Safari/537.36"
::1 - - [07/Oct/2019:15:05:25 +0000] "POST /validate HTTP/1.1" 422 53 "-" "Mozilla/5.0 (X11; Linux x86_64) AppleWebKit/537.36 (KHTML, like Gecko) Ubuntu Chromium/67.0.3396.99 Chrome/67.0.3396.99 Safari/537.36"
::1 - - [07/Oct/2019:15:07:25 +0000] "POST /validate HTTP/1.1" 422 53 "-" "Mozilla/5.0 (X11; Linux x86_64) AppleWebKit/537.36 (KHTML, like Gecko) Ubuntu Chromium/67.0.3396.99 Chrome/67.0.3396.99 Safari/537.36"
::1 - - [07/Oct/2019:15:10:54 +0000] "POST /validate HTTP/1.1" 422 53 "-" "Mozilla/5.0 (X11; Linux x86_64) AppleWebKit/537.36 (KHTML, like Gecko) Ubuntu Chromium/67.0.3396.99 Chrome/67.0.3396.99 Safari/537.36"
::1 - - [07/Oct/2019:15:11:39 +0000] "POST /validate HTTP/1.1" 302 31 "-" "Mozilla/5.0 (X11; Linux x86_64) AppleWebKit/537.36 (KHTML, like Gecko) Ubuntu Chromium/67.0.3396.99 Chrome/67.0.3396.99 Safari/537.36"
::1 - - [07/Oct/2019:15:11:39 +0000] "GET /validate HTTP/1.1" 200 36 "-" "Mozilla/5.0 (X11; Linux x86_64) AppleWebKit/537.36 (KHTML, like Gecko) Ubuntu Chromium/67.0.3396.99 Chrome/67.0.3396.99 Safari/537.36"
::1 - - [07/Oct/2019:15:11:53 +0000] "POST /validate HTTP/1.1" 413 48 "-" "Mozilla/5.0 (X11; Linux x86_64) AppleWebKit/537.36 (KHTML, like Gecko) Ubuntu Chromium/67.0.3396.99 Chrome/67.0.3396.99 Safari/537.36"
::1 - - [07/Oct/2019:15:13:52 +0000] "POST /validate HTTP/1.1" 302 31 "-" "Mozilla/5.0 (X11; Linux x86_64) AppleWebKit/537.36 (KHTML, like Gecko) Ubuntu Chromium/67.0.3396.99 Chrome/67.0.3396.99 Safari/537.36"
::1 - - [07/Oct/2019:15:13:52 +0000] "GET /validate HTTP/1.1" 200 211 "-" "Mozilla/5.0 (X11; Linux x86_64) AppleWebKit/537.36 (KHTML, like Gecko) Ubuntu Chromium/67.0.3396.99 Chrome/67.0.3396.99 Safari/537.36"
::1 - - [07/Oct/2019:15:13:57 +0000] "POST /validate HTTP/1.1" 413 48 "-" "Mozilla/5.0 (X11; Linux x86_64) AppleWebKit/537.36 (KHTML, like Gecko) Ubuntu Chromium/67.0.3396.99 Chrome/67.0.3396.99 Safari/537.36"
::1 - - [07/Oct/2019:15:20:56 +0000] "POST /validate HTTP/1.1" 413 48 "-" "Mozilla/5.0 (X11; Linux x86_64) AppleWebKit/537.36 (KHTML, like Gecko) Ubuntu Chromium/67.0.3396.99 Chrome/67.0.3396.99 Safari/537.36"
::1 - - [07/Oct/2019:15:21:36 +0000] "POST /validate HTTP/1.1" 413 48 "-" "Mozilla/5.0 (X11; Linux x86_64) AppleWebKit/537.36 (KHTML, like Gecko) Ubuntu Chromium/67.0.3396.99 Chrome/67.0.3396.99 Safari/537.36"
::1 - - [07/Oct/2019:15:22:43 +0000] "POST /validate HTTP/1.1" 400 64 "-" "Mozilla/5.0 (X11; Linux x86_64) AppleWebKit/537.36 (KHTML, like Gecko) Ubuntu Chromium/67.0.3396.99 Chrome/67.0.3396.99 Safari/537.36"
::1 - - [07/Oct/2019:15:23:31 +0000] "POST /validate HTTP/1.1" 400 64 "-" "Mozilla/5.0 (X11; Linux x86_64) AppleWebKit/537.36 (KHTML, like Gecko) Ubuntu Chromium/67.0.3396.99 Chrome/67.0.3396.99 Safari/537.36"
::1 - - [07/Oct/2019:15:23:38 +0000] "POST /validate HTTP/1.1" 302 31 "-" "Mozilla/5.0 (X11; Linux x86_64) AppleWebKit/537.36 (KHTML, like Gecko) Ubuntu Chromium/67.0.3396.99 Chrome/67.0.3396.99 Safari/537.36"
::1 - - [07/Oct/2019:15:23:38 +0000] "GET /validate HTTP/1.1" 200 211 "-" "Mozilla/5.0 (X11; Linux x86_64) AppleWebKit/537.36 (KHTML, like Gecko) Ubuntu Chromium/67.0.3396.99 Chrome/67.0.3396.99 Safari/537.36"
::1 - - [07/Oct/2019:15:23:41 +0000] "POST /validate HTTP/1.1" 400 64 "-" "Mozilla/5.0 (X11; Linux x86_64) AppleWebKit/537.36 (KHTML, like Gecko) Ubuntu Chromium/67.0.3396.99 Chrome/67.0.3396.99 Safari/537.36"
::1 - - [07/Oct/2019:15:24:09 +0000] "POST /validate HTTP/1.1" 400 64 "-" "Mozilla/5.0 (X11; Linux x86_64) AppleWebKit/537.36 (KHTML, like Gecko) Ubuntu Chromium/67.0.3396.99 Chrome/67.0.3396.99 Safari/537.36"
::1 - - [07/Oct/2019:15:24:17 +0000] "POST /validate HTTP/1.1" 400 64 "-" "Mozilla/5.0 (X11; Linux x86_64) AppleWebKit/537.36 (KHTML, like Gecko) Ubuntu Chromium/67.0.3396.99 Chrome/67.0.3396.99 Safari/537.36"
::1 - - [07/Oct/2019:15:26:59 +0000] "POST /validate HTTP/1.1" 400 64 "-" "Mozilla/5.0 (X11; Linux x86_64) AppleWebKit/537.36 (KHTML, like Gecko) Ubuntu Chromium/67.0.3396.99 Chrome/67.0.3396.99 Safari/537.36"
::1 - - [07/Oct/2019:15:27:21 +0000] "POST /validate HTTP/1.1" 400 64 "-" "Mozilla/5.0 (X11; Linux x86_64) AppleWebKit/537.36 (KHTML, like Gecko) Ubuntu Chromium/67.0.3396.99 Chrome/67.0.3396.99 Safari/537.36"
::1 - - [07/Oct/2019:15:30:00 +0000] "POST /validate HTTP/1.1" 302 31 "-" "Mozilla/5.0 (X11; Linux x86_64) AppleWebKit/537.36 (KHTML, like Gecko) Ubuntu Chromium/67.0.3396.99 Chrome/67.0.3396.99 Safari/537.36"
::1 - - [07/Oct/2019:15:30:00 +0000] "GET /validate HTTP/1.1" 200 36 "-" "Mozilla/5.0 (X11; Linux x86_64) AppleWebKit/537.36 (KHTML, like Gecko) Ubuntu Chromium/67.0.3396.99 Chrome/67.0.3396.99 Safari/537.36"
::1 - - [07/Oct/2019:15:30:10 +0000] "POST /validate HTTP/1.1" 422 53 "-" "Mozilla/5.0 (X11; Linux x86_64) AppleWebKit/537.36 (KHTML, like Gecko) Ubuntu Chromium/67.0.3396.99 Chrome/67.0.3396.99 Safari/537.36"
::1 - - [07/Oct/2019:15:30:17 +0000] "POST /validate HTTP/1.1" 302 31 "-" "Mozilla/5.0 (X11; Linux x86_64) AppleWebKit/537.36 (KHTML, like Gecko) Ubuntu Chromium/67.0.3396.99 Chrome/67.0.3396.99 Safari/537.36"
::1 - - [07/Oct/2019:15:30:17 +0000] "GET /validate HTTP/1.1" 200 36 "-" "Mozilla/5.0 (X11; Linux x86_64) AppleWebKit/537.36 (KHTML, like Gecko) Ubuntu Chromium/67.0.3396.99 Chrome/67.0.3396.99 Safari/537.36"
::1 - - [07/Oct/2019:15:30:22 +0000] "POST /validate HTTP/1.1" 400 64 "-" "Mozilla/5.0 (X11; Linux x86_64) AppleWebKit/537.36 (KHTML, like Gecko) Ubuntu Chromium/67.0.3396.99 Chrome/67.0.3396.99 Safari/537.36"
::1 - - [07/Oct/2019:15:31:01 +0000] "POST /validate HTTP/1.1" 400 64 "-" "Mozilla/5.0 (X11; Linux x86_64) AppleWebKit/537.36 (KHTML, like Gecko) Ubuntu Chromium/67.0.3396.99 Chrome/67.0.3396.99 Safari/537.36"
::1 - - [07/Oct/2019:15:31:11 +0000] "POST /validate HTTP/1.1" 400 64 "-" "Mozilla/5.0 (X11; Linux x86_64) AppleWebKit/537.36 (KHTML, like Gecko) Ubuntu Chromium/67.0.3396.99 Chrome/67.0.3396.99 Safari/537.36"
::1 - - [07/Oct/2019:15:32:53 +0000] "POST /validate HTTP/1.1" 400 64 "-" "Mozilla/5.0 (X11; Linux x86_64) AppleWebKit/537.36 (KHTML, like Gecko) Ubuntu Chromium/67.0.3396.99 Chrome/67.0.3396.99 Safari/537.36"
::1 - - [07/Oct/2019:15:33:39 +0000] "POST /validate HTTP/1.1" 400 1246 "-" "Mozilla/5.0 (X11; Linux x86_64) AppleWebKit/537.36 (KHTML, like Gecko) Ubuntu Chromium/67.0.3396.99 Chrome/67.0.3396.99 Safari/537.36"
::1 - - [07/Oct/2019:15:34:22 +0000] "POST /validate HTTP/1.1" 400 64 "-" "Mozilla/5.0 (X11; Linux x86_64) AppleWebKit/537.36 (KHTML, like Gecko) Ubuntu Chromium/67.0.3396.99 Chrome/67.0.3396.99 Safari/537.36"
::1 - - [07/Oct/2019:15:41:35 +0000] "POST /validate HTTP/1.1" 400 64 "-" "Mozilla/5.0 (X11; Linux x86_64) AppleWebKit/537.36 (KHTML, like Gecko) Ubuntu Chromium/67.0.3396.99 Chrome/67.0.3396.99 Safari/537.36"
::1 - - [07/Oct/2019:15:42:08 +0000] "POST /validate HTTP/1.1" 400 64 "-" "Mozilla/5.0 (X11; Linux x86_64) AppleWebKit/537.36 (KHTML, like Gecko) Ubuntu Chromium/67.0.3396.99 Chrome/67.0.3396.99 Safari/537.36"
::1 - - [07/Oct/2019:15:42:15 +0000] "POST /validate HTTP/1.1" 302 31 "-" "Mozilla/5.0 (X11; Linux x86_64) AppleWebKit/537.36 (KHTML, like Gecko) Ubuntu Chromium/67.0.3396.99 Chrome/67.0.3396.99 Safari/537.36"
::1 - - [07/Oct/2019:15:42:15 +0000] "GET /validate HTTP/1.1" 200 36 "-" "Mozilla/5.0 (X11; Linux x86_64) AppleWebKit/537.36 (KHTML, like Gecko) Ubuntu Chromium/67.0.3396.99 Chrome/67.0.3396.99 Safari/537.36"
::1 - - [07/Oct/2019:15:43:17 +0000] "POST /validate HTTP/1.1" 400 64 "-" "Mozilla/5.0 (X11; Linux x86_64) AppleWebKit/537.36 (KHTML, like Gecko) Ubuntu Chromium/67.0.3396.99 Chrome/67.0.3396.99 Safari/537.36"
::1 - - [07/Oct/2019:15:43:27 +0000] "POST /validate HTTP/1.1" 400 64 "-" "Mozilla/5.0 (X11; Linux x86_64) AppleWebKit/537.36 (KHTML, like Gecko) Ubuntu Chromium/67.0.3396.99 Chrome/67.0.3396.99 Safari/537.36"
::1 - - [07/Oct/2019:15:43:41 +0000] "POST /validate HTTP/1.1" 302 31 "-" "Mozilla/5.0 (X11; Linux x86_64) AppleWebKit/537.36 (KHTML, like Gecko) Ubuntu Chromium/67.0.3396.99 Chrome/67.0.3396.99 Safari/537.36"
::1 - - [07/Oct/2019:15:43:41 +0000] "GET /validate HTTP/1.1" 200 211 "-" "Mozilla/5.0 (X11; Linux x86_64) AppleWebKit/537.36 (KHTML, like Gecko) Ubuntu Chromium/67.0.3396.99 Chrome/67.0.3396.99 Safari/537.36"
::1 - - [07/Oct/2019:15:44:00 +0000] "POST /validate HTTP/1.1" 400 64 "-" "Mozilla/5.0 (X11; Linux x86_64) AppleWebKit/537.36 (KHTML, like Gecko) Ubuntu Chromium/67.0.3396.99 Chrome/67.0.3396.99 Safari/537.36"
::1 - - [07/Oct/2019:15:44:17 +0000] "POST /validate HTTP/1.1" 400 64 "-" "Mozilla/5.0 (X11; Linux x86_64) AppleWebKit/537.36 (KHTML, like Gecko) Ubuntu Chromium/67.0.3396.99 Chrome/67.0.3396.99 Safari/537.36"
::1 - - [07/Oct/2019:15:44:41 +0000] "POST /validate HTTP/1.1" 400 64 "-" "Mozilla/5.0 (X11; Linux x86_64) AppleWebKit/537.36 (KHTML, like Gecko) Ubuntu Chromium/67.0.3396.99 Chrome/67.0.3396.99 Safari/537.36"
::1 - - [07/Oct/2019:15:44:54 +0000] "POST /validate HTTP/1.1" 400 64 "-" "Mozilla/5.0 (X11; Linux x86_64) AppleWebKit/537.36 (KHTML, like Gecko) Ubuntu Chromium/67.0.3396.99 Chrome/67.0.3396.99 Safari/537.36"
::1 - - [07/Oct/2019:15:45:00 +0000] "POST /validate HTTP/1.1" 302 31 "-" "Mozilla/5.0 (X11; Linux x86_64) AppleWebKit/537.36 (KHTML, like Gecko) Ubuntu Chromium/67.0.3396.99 Chrome/67.0.3396.99 Safari/537.36"
::1 - - [07/Oct/2019:15:45:00 +0000] "GET /validate HTTP/1.1" 200 211 "-" "Mozilla/5.0 (X11; Linux x86_64) AppleWebKit/537.36 (KHTML, like Gecko) Ubuntu Chromium/67.0.3396.99 Chrome/67.0.3396.99 Safari/537.36"
::1 - - [07/Oct/2019:15:45:04 +0000] "POST /validate HTTP/1.1" 302 31 "-" "Mozilla/5.0 (X11; Linux x86_64) AppleWebKit/537.36 (KHTML, like Gecko) Ubuntu Chromium/67.0.3396.99 Chrome/67.0.3396.99 Safari/537.36"
::1 - - [07/Oct/2019:15:45:04 +0000] "GET /validate HTTP/1.1" 200 211 "-" "Mozilla/5.0 (X11; Linux x86_64) AppleWebKit/537.36 (KHTML, like Gecko) Ubuntu Chromium/67.0.3396.99 Chrome/67.0.3396.99 Safari/537.36"
::1 - - [07/Oct/2019:15:45:11 +0000] "POST /validate HTTP/1.1" 400 64 "-" "Mozilla/5.0 (X11; Linux x86_64) AppleWebKit/537.36 (KHTML, like Gecko) Ubuntu Chromium/67.0.3396.99 Chrome/67.0.3396.99 Safari/537.36"
::1 - - [07/Oct/2019:15:45:35 +0000] "POST /validate HTTP/1.1" 400 64 "-" "Mozilla/5.0 (X11; Linux x86_64) AppleWebKit/537.36 (KHTML, like Gecko) Ubuntu Chromium/67.0.3396.99 Chrome/67.0.3396.99 Safari/537.36"
::1 - - [07/Oct/2019:16:32:54 +0000] "POST /validate HTTP/1.1" 400 64 "-" "Mozilla/5.0 (X11; Linux x86_64) AppleWebKit/537.36 (KHTML, like Gecko) Ubuntu Chromium/67.0.3396.99 Chrome/67.0.3396.99 Safari/537.36"
::1 - - [07/Oct/2019:16:34:20 +0000] "POST /validate HTTP/1.1" 400 64 "-" "Mozilla/5.0 (X11; Linux x86_64) AppleWebKit/537.36 (KHTML, like Gecko) Ubuntu Chromium/67.0.3396.99 Chrome/67.0.3396.99 Safari/537.36"
::1 - - [07/Oct/2019:16:35:01 +0000] "POST /validate HTTP/1.1" 400 64 "-" "Mozilla/5.0 (X11; Linux x86_64) AppleWebKit/537.36 (KHTML, like Gecko) Ubuntu Chromium/67.0.3396.99 Chrome/67.0.3396.99 Safari/537.36"
::1 - - [07/Oct/2019:16:35:33 +0000] "POST /validate HTTP/1.1" 400 64 "-" "Mozilla/5.0 (X11; Linux x86_64) AppleWebKit/537.36 (KHTML, like Gecko) Ubuntu Chromium/67.0.3396.99 Chrome/67.0.3396.99 Safari/537.36"
::1 - - [07/Oct/2019:16:38:18 +0000] "POST /validate HTTP/1.1" 400 64 "-" "Mozilla/5.0 (X11; Linux x86_64) AppleWebKit/537.36 (KHTML, like Gecko) Ubuntu Chromium/67.0.3396.99 Chrome/67.0.3396.99 Safari/537.36"
::1 - - [07/Oct/2019:16:38:26 +0000] "POST /validate HTTP/1.1" 400 64 "-" "Mozilla/5.0 (X11; Linux x86_64) AppleWebKit/537.36 (KHTML, like Gecko) Ubuntu Chromium/67.0.3396.99 Chrome/67.0.3396.99 Safari/537.36"
::1 - - [07/Oct/2019:16:39:12 +0000] "POST /validate HTTP/1.1" 400 64 "-" "Mozilla/5.0 (X11; Linux x86_64) AppleWebKit/537.36 (KHTML, like Gecko) Ubuntu Chromium/67.0.3396.99 Chrome/67.0.3396.99 Safari/537.36"
::1 - - [07/Oct/2019:16:39:20 +0000] "POST /validate HTTP/1.1" 400 64 "-" "Mozilla/5.0 (X11; Linux x86_64) AppleWebKit/537.36 (KHTML, like Gecko) Ubuntu Chromium/67.0.3396.99 Chrome/67.0.3396.99 Safari/537.36"
::1 - - [07/Oct/2019:16:44:30 +0000] "POST /validate HTTP/1.1" 400 1246 "-" "Mozilla/5.0 (X11; Linux x86_64) AppleWebKit/537.36 (KHTML, like Gecko) Ubuntu Chromium/67.0.3396.99 Chrome/67.0.3396.99 Safari/537.36"
::1 - - [07/Oct/2019:16:45:40 +0000] "POST /validate HTTP/1.1" 400 1246 "-" "Mozilla/5.0 (X11; Linux x86_64) AppleWebKit/537.36 (KHTML, like Gecko) Ubuntu Chromium/67.0.3396.99 Chrome/67.0.3396.99 Safari/537.36"
::1 - - [07/Oct/2019:16:46:30 +0000] "POST /validate HTTP/1.1" 400 1246 "-" "Mozilla/5.0 (X11; Linux x86_64) AppleWebKit/537.36 (KHTML, like Gecko) Ubuntu Chromium/67.0.3396.99 Chrome/67.0.3396.99 Safari/537.36"
::1 - - [07/Oct/2019:16:47:16 +0000] "POST /validate HTTP/1.1" 400 1246 "-" "Mozilla/5.0 (X11; Linux x86_64) AppleWebKit/537.36 (KHTML, like Gecko) Ubuntu Chromium/67.0.3396.99 Chrome/67.0.3396.99 Safari/537.36"
::1 - - [07/Oct/2019:16:49:26 +0000] "POST /validate HTTP/1.1" 400 64 "-" "Mozilla/5.0 (X11; Linux x86_64) AppleWebKit/537.36 (KHTML, like Gecko) Ubuntu Chromium/67.0.3396.99 Chrome/67.0.3396.99 Safari/537.36"
::1 - - [07/Oct/2019:16:50:17 +0000] "POST /validate HTTP/1.1" 400 64 "-" "Mozilla/5.0 (X11; Linux x86_64) AppleWebKit/537.36 (KHTML, like Gecko) Ubuntu Chromium/67.0.3396.99 Chrome/67.0.3396.99 Safari/537.36"
::1 - - [07/Oct/2019:16:50:24 +0000] "POST /validate HTTP/1.1" 400 64 "-" "Mozilla/5.0 (X11; Linux x86_64) AppleWebKit/537.36 (KHTML, like Gecko) Ubuntu Chromium/67.0.3396.99 Chrome/67.0.3396.99 Safari/537.36"
::1 - - [07/Oct/2019:16:50:34 +0000] "POST /validate HTTP/1.1" 302 31 "-" "Mozilla/5.0 (X11; Linux x86_64) AppleWebKit/537.36 (KHTML, like Gecko) Ubuntu Chromium/67.0.3396.99 Chrome/67.0.3396.99 Safari/537.36"
::1 - - [07/Oct/2019:16:50:34 +0000] "GET /validate HTTP/1.1" 200 211 "-" "Mozilla/5.0 (X11; Linux x86_64) AppleWebKit/537.36 (KHTML, like Gecko) Ubuntu Chromium/67.0.3396.99 Chrome/67.0.3396.99 Safari/537.36"
::1 - - [07/Oct/2019:16:50:46 +0000] "POST /validate HTTP/1.1" 400 64 "-" "Mozilla/5.0 (X11; Linux x86_64) AppleWebKit/537.36 (KHTML, like Gecko) Ubuntu Chromium/67.0.3396.99 Chrome/67.0.3396.99 Safari/537.36"
::1 - - [07/Oct/2019:16:51:00 +0000] "POST /validate HTTP/1.1" 400 64 "-" "Mozilla/5.0 (X11; Linux x86_64) AppleWebKit/537.36 (KHTML, like Gecko) Ubuntu Chromium/67.0.3396.99 Chrome/67.0.3396.99 Safari/537.36"
::1 - - [07/Oct/2019:16:51:32 +0000] "POST /validate HTTP/1.1" 400 64 "-" "Mozilla/5.0 (X11; Linux x86_64) AppleWebKit/537.36 (KHTML, like Gecko) Ubuntu Chromium/67.0.3396.99 Chrome/67.0.3396.99 Safari/537.36"
::1 - - [07/Oct/2019:16:52:09 +0000] "POST /validate HTTP/1.1" 400 64 "-" "Mozilla/5.0 (X11; Linux x86_64) AppleWebKit/537.36 (KHTML, like Gecko) Ubuntu Chromium/67.0.3396.99 Chrome/67.0.3396.99 Safari/537.36"
::1 - - [07/Oct/2019:16:52:20 +0000] "POST /validate HTTP/1.1" 400 64 "-" "Mozilla/5.0 (X11; Linux x86_64) AppleWebKit/537.36 (KHTML, like Gecko) Ubuntu Chromium/67.0.3396.99 Chrome/67.0.3396.99 Safari/537.36"
::1 - - [07/Oct/2019:16:53:09 +0000] "POST /validate HTTP/1.1" 400 64 "-" "Mozilla/5.0 (X11; Linux x86_64) AppleWebKit/537.36 (KHTML, like Gecko) Ubuntu Chromium/67.0.3396.99 Chrome/67.0.3396.99 Safari/537.36"
::1 - - [07/Oct/2019:16:53:52 +0000] "POST /validate HTTP/1.1" 400 66 "-" "Mozilla/5.0 (X11; Linux x86_64) AppleWebKit/537.36 (KHTML, like Gecko) Ubuntu Chromium/67.0.3396.99 Chrome/67.0.3396.99 Safari/537.36"
::1 - - [07/Oct/2019:16:54:19 +0000] "POST /validate HTTP/1.1" 302 31 "-" "Mozilla/5.0 (X11; Linux x86_64) AppleWebKit/537.36 (KHTML, like Gecko) Ubuntu Chromium/67.0.3396.99 Chrome/67.0.3396.99 Safari/537.36"
::1 - - [07/Oct/2019:16:54:19 +0000] "GET /validate HTTP/1.1" 200 211 "-" "Mozilla/5.0 (X11; Linux x86_64) AppleWebKit/537.36 (KHTML, like Gecko) Ubuntu Chromium/67.0.3396.99 Chrome/67.0.3396.99 Safari/537.36"
::1 - - [07/Oct/2019:16:54:48 +0000] "POST /validate HTTP/1.1" 302 31 "-" "Mozilla/5.0 (X11; Linux x86_64) AppleWebKit/537.36 (KHTML, like Gecko) Ubuntu Chromium/67.0.3396.99 Chrome/67.0.3396.99 Safari/537.36"
::1 - - [07/Oct/2019:16:54:48 +0000] "GET /validate HTTP/1.1" 200 36 "-" "Mozilla/5.0 (X11; Linux x86_64) AppleWebKit/537.36 (KHTML, like Gecko) Ubuntu Chromium/67.0.3396.99 Chrome/67.0.3396.99 Safari/537.36"
::1 - - [07/Oct/2019:16:54:57 +0000] "POST /validate HTTP/1.1" 302 31 "-" "Mozilla/5.0 (X11; Linux x86_64) AppleWebKit/537.36 (KHTML, like Gecko) Ubuntu Chromium/67.0.3396.99 Chrome/67.0.3396.99 Safari/537.36"
::1 - - [07/Oct/2019:16:54:57 +0000] "GET /validate HTTP/1.1" 200 36 "-" "Mozilla/5.0 (X11; Linux x86_64) AppleWebKit/537.36 (KHTML, like Gecko) Ubuntu Chromium/67.0.3396.99 Chrome/67.0.3396.99 Safari/537.36"
::1 - - [07/Oct/2019:16:55:25 +0000] "POST /validate HTTP/1.1" 302 31 "-" "Mozilla/5.0 (X11; Linux x86_64) AppleWebKit/537.36 (KHTML, like Gecko) Ubuntu Chromium/67.0.3396.99 Chrome/67.0.3396.99 Safari/537.36"
::1 - - [07/Oct/2019:16:55:25 +0000] "GET /validate HTTP/1.1" 200 211 "-" "Mozilla/5.0 (X11; Linux x86_64) AppleWebKit/537.36 (KHTML, like Gecko) Ubuntu Chromium/67.0.3396.99 Chrome/67.0.3396.99 Safari/537.36"
::1 - - [07/Oct/2019:16:55:31 +0000] "POST /validate HTTP/1.1" 400 64 "-" "Mozilla/5.0 (X11; Linux x86_64) AppleWebKit/537.36 (KHTML, like Gecko) Ubuntu Chromium/67.0.3396.99 Chrome/67.0.3396.99 Safari/537.36"
::1 - - [07/Oct/2019:17:01:22 +0000] "POST /validate HTTP/1.1" 400 64 "-" "Mozilla/5.0 (X11; Linux x86_64) AppleWebKit/537.36 (KHTML, like Gecko) Ubuntu Chromium/67.0.3396.99 Chrome/67.0.3396.99 Safari/537.36"
::1 - - [07/Oct/2019:17:01:41 +0000] "POST /validate HTTP/1.1" 302 31 "-" "Mozilla/5.0 (X11; Linux x86_64) AppleWebKit/537.36 (KHTML, like Gecko) Ubuntu Chromium/67.0.3396.99 Chrome/67.0.3396.99 Safari/537.36"
::1 - - [07/Oct/2019:17:01:41 +0000] "GET /validate HTTP/1.1" 200 211 "-" "Mozilla/5.0 (X11; Linux x86_64) AppleWebKit/537.36 (KHTML, like Gecko) Ubuntu Chromium/67.0.3396.99 Chrome/67.0.3396.99 Safari/537.36"
::1 - - [07/Oct/2019:17:01:51 +0000] "POST /validate HTTP/1.1" 400 64 "-" "Mozilla/5.0 (X11; Linux x86_64) AppleWebKit/537.36 (KHTML, like Gecko) Ubuntu Chromium/67.0.3396.99 Chrome/67.0.3396.99 Safari/537.36"
::1 - - [07/Oct/2019:17:04:54 +0000] "POST /validate HTTP/1.1" 422 53 "-" "Mozilla/5.0 (X11; Linux x86_64) AppleWebKit/537.36 (KHTML, like Gecko) Ubuntu Chromium/67.0.3396.99 Chrome/67.0.3396.99 Safari/537.36"
::1 - - [07/Oct/2019:17:07:10 +0000] "POST /validate HTTP/1.1" 400 64 "-" "Mozilla/5.0 (X11; Linux x86_64) AppleWebKit/537.36 (KHTML, like Gecko) Ubuntu Chromium/67.0.3396.99 Chrome/67.0.3396.99 Safari/537.36"
::1 - - [07/Oct/2019:17:07:17 +0000] "POST /validate HTTP/1.1" 302 31 "-" "Mozilla/5.0 (X11; Linux x86_64) AppleWebKit/537.36 (KHTML, like Gecko) Ubuntu Chromium/67.0.3396.99 Chrome/67.0.3396.99 Safari/537.36"
::1 - - [07/Oct/2019:17:07:17 +0000] "GET /validate HTTP/1.1" 200 211 "-" "Mozilla/5.0 (X11; Linux x86_64) AppleWebKit/537.36 (KHTML, like Gecko) Ubuntu Chromium/67.0.3396.99 Chrome/67.0.3396.99 Safari/537.36"
::1 - - [07/Oct/2019:17:07:31 +0000] "POST /validate HTTP/1.1" 422 53 "-" "Mozilla/5.0 (X11; Linux x86_64) AppleWebKit/537.36 (KHTML, like Gecko) Ubuntu Chromium/67.0.3396.99 Chrome/67.0.3396.99 Safari/537.36"
::1 - - [07/Oct/2019:17:14:40 +0000] "POST /validate HTTP/1.1" 200 43 "-" "Mozilla/5.0 (X11; Linux x86_64) AppleWebKit/537.36 (KHTML, like Gecko) Ubuntu Chromium/67.0.3396.99 Chrome/67.0.3396.99 Safari/537.36"
::1 - - [07/Oct/2019:17:15:36 +0000] "POST /validate HTTP/1.1" 400 64 "-" "Mozilla/5.0 (X11; Linux x86_64) AppleWebKit/537.36 (KHTML, like Gecko) Ubuntu Chromium/67.0.3396.99 Chrome/67.0.3396.99 Safari/537.36"
::1 - - [07/Oct/2019:17:15:48 +0000] "POST /validate HTTP/1.1" 400 64 "-" "Mozilla/5.0 (X11; Linux x86_64) AppleWebKit/537.36 (KHTML, like Gecko) Ubuntu Chromium/67.0.3396.99 Chrome/67.0.3396.99 Safari/537.36"
::1 - - [07/Oct/2019:17:15:52 +0000] "POST /validate HTTP/1.1" 302 31 "-" "Mozilla/5.0 (X11; Linux x86_64) AppleWebKit/537.36 (KHTML, like Gecko) Ubuntu Chromium/67.0.3396.99 Chrome/67.0.3396.99 Safari/537.36"
::1 - - [07/Oct/2019:17:15:52 +0000] "GET /validate HTTP/1.1" 200 82 "-" "Mozilla/5.0 (X11; Linux x86_64) AppleWebKit/537.36 (KHTML, like Gecko) Ubuntu Chromium/67.0.3396.99 Chrome/67.0.3396.99 Safari/537.36"
::1 - - [07/Oct/2019:17:16:24 +0000] "POST /validate HTTP/1.1" 302 31 "-" "Mozilla/5.0 (X11; Linux x86_64) AppleWebKit/537.36 (KHTML, like Gecko) Ubuntu Chromium/67.0.3396.99 Chrome/67.0.3396.99 Safari/537.36"
::1 - - [07/Oct/2019:17:16:24 +0000] "GET /validate HTTP/1.1" 200 82 "-" "Mozilla/5.0 (X11; Linux x86_64) AppleWebKit/537.36 (KHTML, like Gecko) Ubuntu Chromium/67.0.3396.99 Chrome/67.0.3396.99 Safari/537.36"
::1 - - [07/Oct/2019:17:16:30 +0000] "POST /validate HTTP/1.1" 400 64 "-" "Mozilla/5.0 (X11; Linux x86_64) AppleWebKit/537.36 (KHTML, like Gecko) Ubuntu Chromium/67.0.3396.99 Chrome/67.0.3396.99 Safari/537.36"
::1 - - [07/Oct/2019:17:16:39 +0000] "POST /validate HTTP/1.1" 302 31 "-" "Mozilla/5.0 (X11; Linux x86_64) AppleWebKit/537.36 (KHTML, like Gecko) Ubuntu Chromium/67.0.3396.99 Chrome/67.0.3396.99 Safari/537.36"
::1 - - [07/Oct/2019:17:16:39 +0000] "GET /validate HTTP/1.1" 200 82 "-" "Mozilla/5.0 (X11; Linux x86_64) AppleWebKit/537.36 (KHTML, like Gecko) Ubuntu Chromium/67.0.3396.99 Chrome/67.0.3396.99 Safari/537.36"
::1 - - [07/Oct/2019:17:17:07 +0000] "POST /validate HTTP/1.1" 302 31 "-" "Mozilla/5.0 (X11; Linux x86_64) AppleWebKit/537.36 (KHTML, like Gecko) Ubuntu Chromium/67.0.3396.99 Chrome/67.0.3396.99 Safari/537.36"
::1 - - [07/Oct/2019:17:17:07 +0000] "GET /validate HTTP/1.1" 200 82 "-" "Mozilla/5.0 (X11; Linux x86_64) AppleWebKit/537.36 (KHTML, like Gecko) Ubuntu Chromium/67.0.3396.99 Chrome/67.0.3396.99 Safari/537.36"
::1 - - [07/Oct/2019:17:17:26 +0000] "POST /validate HTTP/1.1" 500 44 "-" "Mozilla/5.0 (X11; Linux x86_64) AppleWebKit/537.36 (KHTML, like Gecko) Ubuntu Chromium/67.0.3396.99 Chrome/67.0.3396.99 Safari/537.36"
::1 - - [07/Oct/2019:17:18:19 +0000] "POST /validate HTTP/1.1" 400 64 "-" "Mozilla/5.0 (X11; Linux x86_64) AppleWebKit/537.36 (KHTML, like Gecko) Ubuntu Chromium/67.0.3396.99 Chrome/67.0.3396.99 Safari/537.36"
::1 - - [07/Oct/2019:17:18:24 +0000] "POST /validate HTTP/1.1" 302 31 "-" "Mozilla/5.0 (X11; Linux x86_64) AppleWebKit/537.36 (KHTML, like Gecko) Ubuntu Chromium/67.0.3396.99 Chrome/67.0.3396.99 Safari/537.36"
::1 - - [07/Oct/2019:17:18:24 +0000] "GET /validate HTTP/1.1" 200 47 "-" "Mozilla/5.0 (X11; Linux x86_64) AppleWebKit/537.36 (KHTML, like Gecko) Ubuntu Chromium/67.0.3396.99 Chrome/67.0.3396.99 Safari/537.36"
::1 - - [07/Oct/2019:17:18:49 +0000] "POST /validate HTTP/1.1" 302 31 "-" "Mozilla/5.0 (X11; Linux x86_64) AppleWebKit/537.36 (KHTML, like Gecko) Ubuntu Chromium/67.0.3396.99 Chrome/67.0.3396.99 Safari/537.36"
::1 - - [07/Oct/2019:17:18:49 +0000] "GET /validate HTTP/1.1" 200 47 "-" "Mozilla/5.0 (X11; Linux x86_64) AppleWebKit/537.36 (KHTML, like Gecko) Ubuntu Chromium/67.0.3396.99 Chrome/67.0.3396.99 Safari/537.36"
::1 - - [07/Oct/2019:17:19:03 +0000] "POST /validate HTTP/1.1" 302 31 "-" "Mozilla/5.0 (X11; Linux x86_64) AppleWebKit/537.36 (KHTML, like Gecko) Ubuntu Chromium/67.0.3396.99 Chrome/67.0.3396.99 Safari/537.36"
::1 - - [07/Oct/2019:17:19:03 +0000] "GET /validate HTTP/1.1" 200 47 "-" "Mozilla/5.0 (X11; Linux x86_64) AppleWebKit/537.36 (KHTML, like Gecko) Ubuntu Chromium/67.0.3396.99 Chrome/67.0.3396.99 Safari/537.36"
::1 - - [07/Oct/2019:17:19:13 +0000] "POST /validate HTTP/1.1" 302 31 "-" "Mozilla/5.0 (X11; Linux x86_64) AppleWebKit/537.36 (KHTML, like Gecko) Ubuntu Chromium/67.0.3396.99 Chrome/67.0.3396.99 Safari/537.36"
::1 - - [07/Oct/2019:17:19:13 +0000] "GET /validate HTTP/1.1" 200 47 "-" "Mozilla/5.0 (X11; Linux x86_64) AppleWebKit/537.36 (KHTML, like Gecko) Ubuntu Chromium/67.0.3396.99 Chrome/67.0.3396.99 Safari/537.36"
::1 - - [07/Oct/2019:17:32:23 +0000] "POST /validate HTTP/1.1" 302 31 "-" "Mozilla/5.0 (X11; Linux x86_64) AppleWebKit/537.36 (KHTML, like Gecko) Ubuntu Chromium/67.0.3396.99 Chrome/67.0.3396.99 Safari/537.36"
::1 - - [07/Oct/2019:17:32:23 +0000] "GET /validate HTTP/1.1" 500 49 "-" "Mozilla/5.0 (X11; Linux x86_64) AppleWebKit/537.36 (KHTML, like Gecko) Ubuntu Chromium/67.0.3396.99 Chrome/67.0.3396.99 Safari/537.36"
::1 - - [07/Oct/2019:17:34:02 +0000] "POST /validate HTTP/1.1" 302 31 "-" "Mozilla/5.0 (X11; Linux x86_64) AppleWebKit/537.36 (KHTML, like Gecko) Ubuntu Chromium/67.0.3396.99 Chrome/67.0.3396.99 Safari/537.36"
::1 - - [07/Oct/2019:17:34:02 +0000] "GET /validate HTTP/1.1" 500 49 "-" "Mozilla/5.0 (X11; Linux x86_64) AppleWebKit/537.36 (KHTML, like Gecko) Ubuntu Chromium/67.0.3396.99 Chrome/67.0.3396.99 Safari/537.36"
::1 - - [07/Oct/2019:17:34:34 +0000] "POST /validate HTTP/1.1" 302 31 "-" "Mozilla/5.0 (X11; Linux x86_64) AppleWebKit/537.36 (KHTML, like Gecko) Ubuntu Chromium/67.0.3396.99 Chrome/67.0.3396.99 Safari/537.36"
::1 - - [07/Oct/2019:17:34:34 +0000] "GET /validate HTTP/1.1" 500 49 "-" "Mozilla/5.0 (X11; Linux x86_64) AppleWebKit/537.36 (KHTML, like Gecko) Ubuntu Chromium/67.0.3396.99 Chrome/67.0.3396.99 Safari/537.36"
::1 - - [07/Oct/2019:17:37:15 +0000] "POST /validate HTTP/1.1" 500 44 "-" "Mozilla/5.0 (X11; Linux x86_64) AppleWebKit/537.36 (KHTML, like Gecko) Ubuntu Chromium/67.0.3396.99 Chrome/67.0.3396.99 Safari/537.36"
::1 - - [07/Oct/2019:17:37:34 +0000] "POST /validate HTTP/1.1" 200 43 "-" "Mozilla/5.0 (X11; Linux x86_64) AppleWebKit/537.36 (KHTML, like Gecko) Ubuntu Chromium/67.0.3396.99 Chrome/67.0.3396.99 Safari/537.36"
::1 - - [07/Oct/2019:17:38:17 +0000] "POST /validate HTTP/1.1" 400 64 "-" "Mozilla/5.0 (X11; Linux x86_64) AppleWebKit/537.36 (KHTML, like Gecko) Ubuntu Chromium/67.0.3396.99 Chrome/67.0.3396.99 Safari/537.36"
::1 - - [07/Oct/2019:17:38:25 +0000] "POST /validate HTTP/1.1" 500 44 "-" "Mozilla/5.0 (X11; Linux x86_64) AppleWebKit/537.36 (KHTML, like Gecko) Ubuntu Chromium/67.0.3396.99 Chrome/67.0.3396.99 Safari/537.36"
::1 - - [07/Oct/2019:17:38:32 +0000] "POST /validate HTTP/1.1" 400 64 "-" "Mozilla/5.0 (X11; Linux x86_64) AppleWebKit/537.36 (KHTML, like Gecko) Ubuntu Chromium/67.0.3396.99 Chrome/67.0.3396.99 Safari/537.36"
::1 - - [07/Oct/2019:18:23:33 +0000] "POST /validate HTTP/1.1" 200 43 "-" "Mozilla/5.0 (X11; Linux x86_64) AppleWebKit/537.36 (KHTML, like Gecko) Ubuntu Chromium/67.0.3396.99 Chrome/67.0.3396.99 Safari/537.36"
::1 - - [07/Oct/2019:18:24:17 +0000] "POST /validate HTTP/1.1" 302 31 "-" "Mozilla/5.0 (X11; Linux x86_64) AppleWebKit/537.36 (KHTML, like Gecko) Ubuntu Chromium/67.0.3396.99 Chrome/67.0.3396.99 Safari/537.36"
::1 - - [07/Oct/2019:18:24:17 +0000] "GET /validate HTTP/1.1" 200 82 "-" "Mozilla/5.0 (X11; Linux x86_64) AppleWebKit/537.36 (KHTML, like Gecko) Ubuntu Chromium/67.0.3396.99 Chrome/67.0.3396.99 Safari/537.36"
::1 - - [07/Oct/2019:18:24:33 +0000] "POST /validate HTTP/1.1" 500 44 "-" "Mozilla/5.0 (X11; Linux x86_64) AppleWebKit/537.36 (KHTML, like Gecko) Ubuntu Chromium/67.0.3396.99 Chrome/67.0.3396.99 Safari/537.36"
::1 - - [07/Oct/2019:18:24:54 +0000] "POST /validate HTTP/1.1" 302 31 "-" "Mozilla/5.0 (X11; Linux x86_64) AppleWebKit/537.36 (KHTML, like Gecko) Ubuntu Chromium/67.0.3396.99 Chrome/67.0.3396.99 Safari/537.36"
::1 - - [07/Oct/2019:18:24:54 +0000] "GET /validate HTTP/1.1" 200 36 "-" "Mozilla/5.0 (X11; Linux x86_64) AppleWebKit/537.36 (KHTML, like Gecko) Ubuntu Chromium/67.0.3396.99 Chrome/67.0.3396.99 Safari/537.36"
::1 - - [07/Oct/2019:18:25:31 +0000] "POST /validate HTTP/1.1" 302 31 "-" "Mozilla/5.0 (X11; Linux x86_64) AppleWebKit/537.36 (KHTML, like Gecko) Ubuntu Chromium/67.0.3396.99 Chrome/67.0.3396.99 Safari/537.36"
::1 - - [07/Oct/2019:18:25:31 +0000] "GET /validate HTTP/1.1" 200 36 "-" "Mozilla/5.0 (X11; Linux x86_64) AppleWebKit/537.36 (KHTML, like Gecko) Ubuntu Chromium/67.0.3396.99 Chrome/67.0.3396.99 Safari/537.36"
::1 - - [07/Oct/2019:18:25:45 +0000] "POST /validate HTTP/1.1" 400 64 "-" "Mozilla/5.0 (X11; Linux x86_64) AppleWebKit/537.36 (KHTML, like Gecko) Ubuntu Chromium/67.0.3396.99 Chrome/67.0.3396.99 Safari/537.36"
::1 - - [07/Oct/2019:18:28:19 +0000] "POST /validate HTTP/1.1" 400 64 "-" "Mozilla/5.0 (X11; Linux x86_64) AppleWebKit/537.36 (KHTML, like Gecko) Ubuntu Chromium/67.0.3396.99 Chrome/67.0.3396.99 Safari/537.36"
::1 - - [07/Oct/2019:18:28:24 +0000] "POST /validate HTTP/1.1" 500 44 "-" "Mozilla/5.0 (X11; Linux x86_64) AppleWebKit/537.36 (KHTML, like Gecko) Ubuntu Chromium/67.0.3396.99 Chrome/67.0.3396.99 Safari/537.36"
